#
# There is insufficient memory for the Java Runtime Environment to continue.
# Native memory allocation (malloc) failed to allocate 39104 bytes. Error detail: Chunk::new
# Possible reasons:
#   The system is out of physical RAM or swap space
#   This process is running with CompressedOops enabled, and the Java Heap may be blocking the growth of the native heap
# Possible solutions:
#   Reduce memory load on the system
#   Increase physical memory or swap space
#   Check if swap backing store is full
#   Decrease Java heap size (-Xmx/-Xms)
#   Decrease number of Java threads
#   Decrease Java thread stack sizes (-Xss)
#   Set larger code cache with -XX:ReservedCodeCacheSize=
#   JVM is running with Unscaled Compressed Oops mode in which the Java heap is
#     placed in the first 4GB address space. The Java Heap base address is the
#     maximum limit for the native heap growth. Please use -XX:HeapBaseMinAddress
#     to set the Java Heap base and to place the Java Heap above 4GB virtual address.
# This output file may be truncated or incomplete.
#
#  Out of Memory Error (arena.cpp:168), pid=23280, tid=3100
#
# JRE version: OpenJDK Runtime Environment Temurin-21.0.8+9 (21.0.8+9) (build 21.0.8+9-LTS)
# Java VM: OpenJDK 64-Bit Server VM Temurin-21.0.8+9 (21.0.8+9-LTS, mixed mode, sharing, tiered, compressed oops, compressed class ptrs, parallel gc, windows-amd64)
# No core dump will be written. Minidumps are not enabled by default on client versions of Windows
#

---------------  S U M M A R Y ------------

Command Line: --add-modules=ALL-SYSTEM --add-opens=java.base/java.util=ALL-UNNAMED --add-opens=java.base/java.lang=ALL-UNNAMED --add-opens=java.base/sun.nio.fs=ALL-UNNAMED -Declipse.application=org.eclipse.jdt.ls.core.id1 -Dosgi.bundles.defaultStartLevel=4 -Declipse.product=org.eclipse.jdt.ls.core.product -Djava.import.generatesMetadataFilesAtProjectRoot=false -DDetectVMInstallationsJob.disabled=true -Dfile.encoding=utf8 -XX:+UseParallelGC -XX:GCTimeRatio=4 -XX:AdaptiveSizePolicyWeight=90 -Dsun.zip.disableMemoryMapping=true -Xmx2G -Xms100m -Xlog:disable -javaagent:c:\Users\iSart\.trae\extensions\redhat.java-1.47.0-win32-x64\lombok\lombok-1.18.39-4050.jar -XX:+HeapDumpOnOutOfMemoryError -XX:HeapDumpPath=c:\Users\iSart\AppData\Roaming\Trae\User\workspaceStorage\605016848a834900dc777012ce20dd0a\redhat.java -Daether.dependencyCollector.impl=bf c:\Users\iSart\.trae\extensions\redhat.java-1.47.0-win32-x64\server\plugins\org.eclipse.equinox.launcher_1.7.100.v20251014-1222.jar -configuration c:\Users\iSart\AppData\Roaming\Trae\User\globalStorage\redhat.java\1.47.0\config_win -data c:\Users\iSart\AppData\Roaming\Trae\User\workspaceStorage\605016848a834900dc777012ce20dd0a\redhat.java\jdt_ws --pipe=\\.\pipe\lsp-7d79aa8014004267a6e413072ece67f4-sock

Host: Intel(R) Core(TM) i5-9400 CPU @ 2.90GHz, 6 cores, 15G,  Windows 10 , 64 bit Build 19041 (10.0.19041.5915)
Time: Wed Nov  5 13:29:36 2025 elapsed time: 5.762137 seconds (0d 0h 0m 5s)

---------------  T H R E A D  ---------------

Current thread (0x00000208a640ccb0):  JavaThread "C2 CompilerThread0" daemon [_thread_in_native, id=3100, stack(0x000000b0d6300000,0x000000b0d6400000) (1024K)]


Current CompileTask:
C2:5762 4484   !   4       org.eclipse.osgi.internal.loader.classpath.ClasspathManager::findClassImpl (328 bytes)

Stack: [0x000000b0d6300000,0x000000b0d6400000]
Native frames: (J=compiled Java code, j=interpreted, Vv=VM code, C=native code)
V  [jvm.dll+0x6d2449]
V  [jvm.dll+0x8ae341]
V  [jvm.dll+0x8b08be]
V  [jvm.dll+0x8b0fa3]
V  [jvm.dll+0x280c96]
V  [jvm.dll+0xc581d]
V  [jvm.dll+0xc5d53]
V  [jvm.dll+0x1e0730]
V  [jvm.dll+0x1e09ad]
V  [jvm.dll+0x385214]
V  [jvm.dll+0x38477a]
V  [jvm.dll+0x248ed0]
V  [jvm.dll+0x2484af]
V  [jvm.dll+0x1c89ee]
V  [jvm.dll+0x257d4d]
V  [jvm.dll+0x2562ea]
V  [jvm.dll+0x3f2d16]
V  [jvm.dll+0x857e6b]
V  [jvm.dll+0x6d0b0d]
C  [ucrtbase.dll+0x21bb2]
C  [KERNEL32.DLL+0x17374]
C  [ntdll.dll+0x4cc91]


---------------  P R O C E S S  ---------------

Threads class SMR info:
_java_thread_list=0x00000208ff8f4750, length=41, elements={
0x00000208a64d3c80, 0x00000208a63fee30, 0x00000208a64026a0, 0x00000208a6404510,
0x00000208a64056a0, 0x00000208a64084c0, 0x00000208a6409f20, 0x00000208a640ccb0,
0x00000208a64148f0, 0x00000208ff17d080, 0x00000208ff486620, 0x00000208ffba0b80,
0x00000208ffcd54a0, 0x00000208ff912ed0, 0x00000208ff913810, 0x0000020884479400,
0x0000020884571cb0, 0x00000208845220b0, 0x00000208843ae750, 0x0000020884523af0,
0x0000020884523460, 0x0000020884524180, 0x0000020884524810, 0x0000020884525530,
0x0000020884524ea0, 0x0000020884522740, 0x0000020884522dd0, 0x000002088457d3a0,
0x000002088457da30, 0x000002088457e750, 0x0000020884580eb0, 0x0000020884580190,
0x0000020884581540, 0x000002088457c680, 0x000002088457f470, 0x000002088457a5b0,
0x000002088457fb00, 0x000002088457e0c0, 0x0000020884580820, 0x000002088457ede0,
0x000002088457bff0
}

Java Threads: ( => current thread )
  0x00000208a64d3c80 JavaThread "main"                              [_thread_blocked, id=31684, stack(0x000000b0d5800000,0x000000b0d5900000) (1024K)]
  0x00000208a63fee30 JavaThread "Reference Handler"          daemon [_thread_blocked, id=31676, stack(0x000000b0d5d00000,0x000000b0d5e00000) (1024K)]
  0x00000208a64026a0 JavaThread "Finalizer"                  daemon [_thread_blocked, id=6024, stack(0x000000b0d5e00000,0x000000b0d5f00000) (1024K)]
  0x00000208a6404510 JavaThread "Signal Dispatcher"          daemon [_thread_blocked, id=21636, stack(0x000000b0d5f00000,0x000000b0d6000000) (1024K)]
  0x00000208a64056a0 JavaThread "Attach Listener"            daemon [_thread_blocked, id=27876, stack(0x000000b0d6000000,0x000000b0d6100000) (1024K)]
  0x00000208a64084c0 JavaThread "Service Thread"             daemon [_thread_blocked, id=38896, stack(0x000000b0d6100000,0x000000b0d6200000) (1024K)]
  0x00000208a6409f20 JavaThread "Monitor Deflation Thread"   daemon [_thread_blocked, id=28604, stack(0x000000b0d6200000,0x000000b0d6300000) (1024K)]
=>0x00000208a640ccb0 JavaThread "C2 CompilerThread0"         daemon [_thread_in_native, id=3100, stack(0x000000b0d6300000,0x000000b0d6400000) (1024K)]
  0x00000208a64148f0 JavaThread "C1 CompilerThread0"         daemon [_thread_blocked, id=5416, stack(0x000000b0d6400000,0x000000b0d6500000) (1024K)]
  0x00000208ff17d080 JavaThread "Common-Cleaner"             daemon [_thread_blocked, id=29060, stack(0x000000b0d6500000,0x000000b0d6600000) (1024K)]
  0x00000208ff486620 JavaThread "Notification Thread"        daemon [_thread_blocked, id=39604, stack(0x000000b0d6700000,0x000000b0d6800000) (1024K)]
  0x00000208ffba0b80 JavaThread "Active Thread: Equinox Container: 64896c6e-d2dd-4813-bf8e-5d34ee131946"        [_thread_blocked, id=37556, stack(0x000000b0d6d00000,0x000000b0d6e00000) (1024K)]
  0x00000208ffcd54a0 JavaThread "Refresh Thread: Equinox Container: 64896c6e-d2dd-4813-bf8e-5d34ee131946" daemon [_thread_blocked, id=36092, stack(0x000000b0d6e00000,0x000000b0d6f00000) (1024K)]
  0x00000208ff912ed0 JavaThread "Framework Event Dispatcher: Equinox Container: 64896c6e-d2dd-4813-bf8e-5d34ee131946" daemon [_thread_blocked, id=24092, stack(0x000000b0d6f00000,0x000000b0d7000000) (1024K)]
  0x00000208ff913810 JavaThread "Start Level: Equinox Container: 64896c6e-d2dd-4813-bf8e-5d34ee131946" daemon [_thread_blocked, id=26408, stack(0x000000b0d7000000,0x000000b0d7100000) (1024K)]
  0x0000020884479400 JavaThread "Bundle File Closer"         daemon [_thread_blocked, id=21708, stack(0x000000b0d7100000,0x000000b0d7200000) (1024K)]
  0x0000020884571cb0 JavaThread "SCR Component Actor"        daemon [_thread_blocked, id=31672, stack(0x000000b0d7200000,0x000000b0d7300000) (1024K)]
  0x00000208845220b0 JavaThread "Worker-JM"                         [_thread_blocked, id=32308, stack(0x000000b0d7300000,0x000000b0d7400000) (1024K)]
  0x00000208843ae750 JavaThread "C2 CompilerThread1"         daemon [_thread_in_native, id=39912, stack(0x000000b0d6600000,0x000000b0d6700000) (1024K)]
  0x0000020884523af0 JavaThread "JNA Cleaner"                daemon [_thread_blocked, id=33240, stack(0x000000b0d7400000,0x000000b0d7500000) (1024K)]
  0x0000020884523460 JavaThread "Worker-0"                          [_thread_blocked, id=19848, stack(0x000000b0d7500000,0x000000b0d7600000) (1024K)]
  0x0000020884524180 JavaThread "Worker-1"                          [_thread_blocked, id=37744, stack(0x000000b0d7600000,0x000000b0d7700000) (1024K)]
  0x0000020884524810 JavaThread "Java indexing"              daemon [_thread_blocked, id=31108, stack(0x000000b0d7700000,0x000000b0d7800000) (1024K)]
  0x0000020884525530 JavaThread "Worker-2: Repository registry initialization"        [_thread_in_vm, id=35784, stack(0x000000b0d7900000,0x000000b0d7a00000) (1024K)]
  0x0000020884524ea0 JavaThread "Worker-3"                          [_thread_blocked, id=23460, stack(0x000000b0d7b00000,0x000000b0d7c00000) (1024K)]
  0x0000020884522740 JavaThread "Worker-4"                          [_thread_blocked, id=40728, stack(0x000000b0d7c00000,0x000000b0d7d00000) (1024K)]
  0x0000020884522dd0 JavaThread "Thread-1"                   daemon [_thread_in_native, id=39000, stack(0x000000b0d7d00000,0x000000b0d7e00000) (1024K)]
  0x000002088457d3a0 JavaThread "Thread-2"                   daemon [_thread_in_native, id=5020, stack(0x000000b0d7e00000,0x000000b0d7f00000) (1024K)]
  0x000002088457da30 JavaThread "Thread-3"                   daemon [_thread_in_native, id=31652, stack(0x000000b0d7f00000,0x000000b0d8000000) (1024K)]
  0x000002088457e750 JavaThread "Thread-4"                   daemon [_thread_in_native, id=37288, stack(0x000000b0d8000000,0x000000b0d8100000) (1024K)]
  0x0000020884580eb0 JavaThread "Thread-5"                   daemon [_thread_in_native, id=40236, stack(0x000000b0d8100000,0x000000b0d8200000) (1024K)]
  0x0000020884580190 JavaThread "Thread-6"                   daemon [_thread_in_native, id=31832, stack(0x000000b0d8200000,0x000000b0d8300000) (1024K)]
  0x0000020884581540 JavaThread "Thread-7"                   daemon [_thread_in_native, id=38008, stack(0x000000b0d8300000,0x000000b0d8400000) (1024K)]
  0x000002088457c680 JavaThread "pool-2-thread-1"                   [_thread_blocked, id=34968, stack(0x000000b0d8400000,0x000000b0d8500000) (1024K)]
  0x000002088457f470 JavaThread "WorkspaceEventsHandler"            [_thread_blocked, id=2880, stack(0x000000b0d8500000,0x000000b0d8600000) (1024K)]
  0x000002088457a5b0 JavaThread "pool-1-thread-1"                   [_thread_blocked, id=32168, stack(0x000000b0d8600000,0x000000b0d8700000) (1024K)]
  0x000002088457fb00 JavaThread "ForkJoinPool.commonPool-worker-1" daemon [_thread_blocked, id=24836, stack(0x000000b0d8700000,0x000000b0d8800000) (1024K)]
  0x000002088457e0c0 JavaThread "ForkJoinPool.commonPool-worker-2" daemon [_thread_blocked, id=34048, stack(0x000000b0d8800000,0x000000b0d8900000) (1024K)]
  0x0000020884580820 JavaThread "ForkJoinPool.commonPool-worker-3" daemon [_thread_blocked, id=24160, stack(0x000000b0d8900000,0x000000b0d8a00000) (1024K)]
  0x000002088457ede0 JavaThread "ForkJoinPool.commonPool-worker-4" daemon [_thread_blocked, id=32556, stack(0x000000b0d8a00000,0x000000b0d8b00000) (1024K)]
  0x000002088457bff0 JavaThread "ForkJoinPool.commonPool-worker-5" daemon [_thread_blocked, id=39520, stack(0x000000b0d8b00000,0x000000b0d8c00000) (1024K)]
Total: 41

Other Threads:
  0x00000208a63f0be0 VMThread "VM Thread"                           [id=2604, stack(0x000000b0d5c00000,0x000000b0d5d00000) (1024K)]
  0x00000208a636bc60 WatcherThread "VM Periodic Task Thread"        [id=37812, stack(0x000000b0d5b00000,0x000000b0d5c00000) (1024K)]
  0x00000208a64f1df0 WorkerThread "GC Thread#0"                     [id=37244, stack(0x000000b0d5a00000,0x000000b0d5b00000) (1024K)]
  0x00000208ff3d1d20 WorkerThread "GC Thread#1"                     [id=34040, stack(0x000000b0d6800000,0x000000b0d6900000) (1024K)]
  0x00000208ff3d20c0 WorkerThread "GC Thread#2"                     [id=22920, stack(0x000000b0d6900000,0x000000b0d6a00000) (1024K)]
  0x00000208ffb4da80 WorkerThread "GC Thread#3"                     [id=19448, stack(0x000000b0d6a00000,0x000000b0d6b00000) (1024K)]
  0x00000208ffa24e70 WorkerThread "GC Thread#4"                     [id=33848, stack(0x000000b0d6b00000,0x000000b0d6c00000) (1024K)]
  0x00000208ffa25210 WorkerThread "GC Thread#5"                     [id=21852, stack(0x000000b0d6c00000,0x000000b0d6d00000) (1024K)]
Total: 8

Threads with active compile tasks:
C2 CompilerThread0  5783 4484   !   4       org.eclipse.osgi.internal.loader.classpath.ClasspathManager::findClassImpl (328 bytes)
C2 CompilerThread1  5783 5011       4       java.lang.invoke.MethodType::makeImpl (109 bytes)
Total: 2

VM state: not at safepoint (normal execution)

VM Mutex/Monitor currently owned by a thread: None

Heap address: 0x0000000080000000, size: 2048 MB, Compressed Oops mode: 32-bit

CDS archive(s) mapped at: [0x00000208bd000000-0x00000208bdba0000-0x00000208bdba0000), size 12189696, SharedBaseAddress: 0x00000208bd000000, ArchiveRelocationMode: 1.
Compressed class space mapped at: 0x00000208be000000-0x00000208fe000000, reserved size: 1073741824
Narrow klass base: 0x00000208bd000000, Narrow klass shift: 0, Narrow klass range: 0x100000000

GC Precious Log:
 CardTable entry size: 512
 CPUs: 6 total, 6 available
 Memory: 16319M
 Large Page Support: Disabled
 NUMA Support: Disabled
 Compressed Oops: Enabled (32-bit)
 Alignments: Space 512K, Generation 512K, Heap 2M
 Heap Min Capacity: 100M
 Heap Initial Capacity: 100M
 Heap Max Capacity: 2G
 Pre-touch: Disabled
 Parallel Workers: 6

Heap:
 PSYoungGen      total 22016K, used 15384K [0x00000000d5580000, 0x00000000d7400000, 0x0000000100000000)
  eden space 20480K, 67% used [0x00000000d5580000,0x00000000d63084f8,0x00000000d6980000)
  from space 1536K, 99% used [0x00000000d6e00000,0x00000000d6f7de80,0x00000000d6f80000)
  to   space 4608K, 0% used [0x00000000d6980000,0x00000000d6980000,0x00000000d6e00000)
 ParOldGen       total 68608K, used 22096K [0x0000000080000000, 0x0000000084300000, 0x00000000d5580000)
  object space 68608K, 32% used [0x0000000080000000,0x00000000815940e8,0x0000000084300000)
 Metaspace       used 37596K, committed 38848K, reserved 1114112K
  class space    used 3921K, committed 4480K, reserved 1048576K

Card table byte_map: [0x00000208a5e80000,0x00000208a6290000] _byte_map_base: 0x00000208a5a80000

Marking Bits: (ParMarkBitMap*) 0x00007ffd9a21a340
 Begin Bits: [0x00000208b8980000, 0x00000208ba980000)
 End Bits:   [0x00000208ba980000, 0x00000208bc980000)

Polling page: 0x00000208a42d0000

Metaspace:

Usage:
  Non-class:     32.89 MB used.
      Class:      3.83 MB used.
       Both:     36.72 MB used.

Virtual space:
  Non-class space:       64.00 MB reserved,      33.56 MB ( 52%) committed,  1 nodes.
      Class space:        1.00 GB reserved,       4.38 MB ( <1%) committed,  1 nodes.
             Both:        1.06 GB reserved,      37.94 MB (  3%) committed. 

Chunk freelists:
   Non-Class:  13.61 MB
       Class:  11.45 MB
        Both:  25.06 MB

MaxMetaspaceSize: unlimited
CompressedClassSpaceSize: 1.00 GB
Initial GC threshold: 21.00 MB
Current GC threshold: 58.38 MB
CDS: on
 - commit_granule_bytes: 65536.
 - commit_granule_words: 8192.
 - virtual_space_node_default_size: 8388608.
 - enlarge_chunks_in_place: 1.
 - use_allocation_guard: 0.


Internal statistics:

num_allocs_failed_limit: 6.
num_arena_births: 898.
num_arena_deaths: 14.
num_vsnodes_births: 2.
num_vsnodes_deaths: 0.
num_space_committed: 607.
num_space_uncommitted: 0.
num_chunks_returned_to_freelist: 20.
num_chunks_taken_from_freelist: 2556.
num_chunk_merges: 10.
num_chunk_splits: 1596.
num_chunks_enlarged: 892.
num_inconsistent_stats: 0.

CodeHeap 'non-profiled nmethods': size=120000Kb used=2021Kb max_used=2185Kb free=117979Kb
 bounds [0x00000208b11a0000, 0x00000208b1410000, 0x00000208b86d0000]
CodeHeap 'profiled nmethods': size=120000Kb used=8988Kb max_used=9664Kb free=111011Kb
 bounds [0x00000208a96d0000, 0x00000208aa050000, 0x00000208b0c00000]
CodeHeap 'non-nmethods': size=5760Kb used=1363Kb max_used=1415Kb free=4397Kb
 bounds [0x00000208b0c00000, 0x00000208b0e70000, 0x00000208b11a0000]
CodeCache: size=245760Kb, used=12372Kb, max_used=13264Kb, free=233387Kb
 total_blobs=5114, nmethods=4453, adapters=566, full_count=0
Compilation: enabled, stopped_count=0, restarted_count=0

Compilation events (20 events):
Event: 5.633 Thread 0x00000208a64148f0 5005       3       java.lang.reflect.Constructor::isVarArgs (5 bytes)
Event: 5.633 Thread 0x00000208a64148f0 nmethod 5005 0x00000208a99dd310 code [0x00000208a99dd4c0, 0x00000208a99dd698]
Event: 5.650 Thread 0x00000208843ae750 nmethod 4956 0x00000208b13c8390 code [0x00000208b13c88e0, 0x00000208b13cc848]
Event: 5.650 Thread 0x00000208843ae750 5003       4       java.lang.invoke.MethodType::equals (25 bytes)
Event: 5.653 Thread 0x00000208843ae750 nmethod 5003 0x00000208b1209b10 code [0x00000208b1209ca0, 0x00000208b1209e68]
Event: 5.653 Thread 0x00000208843ae750 4961       4       java.util.Objects::equals (23 bytes)
Event: 5.654 Thread 0x00000208843ae750 nmethod 4961 0x00000208b1209810 code [0x00000208b12099a0, 0x00000208b1209a48]
Event: 5.654 Thread 0x00000208843ae750 5007       4       com.google.gson.stream.JsonReader::nextString (168 bytes)
Event: 5.724 Thread 0x00000208843ae750 nmethod 5007 0x00000208b1296d10 code [0x00000208b12970e0, 0x00000208b1299c00]
Event: 5.724 Thread 0x00000208843ae750 4974       4       java.util.ArrayList::fastRemove (44 bytes)
Event: 5.727 Thread 0x00000208843ae750 nmethod 4974 0x00000208b11c1310 code [0x00000208b11c14a0, 0x00000208b11c1668]
Event: 5.727 Thread 0x00000208843ae750 4972       4       java.util.LinkedHashMap::linkNodeAtEnd (76 bytes)
Event: 5.728 Thread 0x00000208843ae750 nmethod 4972 0x00000208b11d8810 code [0x00000208b11d89a0, 0x00000208b11d8ac0]
Event: 5.728 Thread 0x00000208843ae750 4973       4       java.util.LinkedHashMap::newNode (23 bytes)
Event: 5.729 Thread 0x00000208843ae750 nmethod 4973 0x00000208b11c0e90 code [0x00000208b11c1020, 0x00000208b11c11d8]
Event: 5.729 Thread 0x00000208843ae750 4958       4       org.eclipse.osgi.internal.loader.classpath.ClasspathManager::processClass (91 bytes)
Event: 5.730 Thread 0x00000208843ae750 nmethod 4958 0x00000208b1296910 code [0x00000208b1296aa0, 0x00000208b1296bb8]
Event: 5.730 Thread 0x00000208843ae750 5008       4       jdk.internal.misc.VM::isJavaLangInvokeInited (4 bytes)
Event: 5.730 Thread 0x00000208843ae750 nmethod 5008 0x00000208b11c0b90 code [0x00000208b11c0d00, 0x00000208b11c0d70]
Event: 5.759 Thread 0x00000208843ae750 5009       4       java.lang.StringConcatHelper::newString (67 bytes)

GC Heap History (20 events):
Event: 3.762 GC heap before
{Heap before GC invocations=7 (full 0):
 PSYoungGen      total 29696K, used 18701K [0x00000000d5580000, 0x00000000d7980000, 0x0000000100000000)
  eden space 24576K, 56% used [0x00000000d5580000,0x00000000d630d850,0x00000000d6d80000)
  from space 5120K, 94% used [0x00000000d7480000,0x00000000d7935f98,0x00000000d7980000)
  to   space 5632K, 0% used [0x00000000d6e80000,0x00000000d6e80000,0x00000000d7400000)
 ParOldGen       total 68608K, used 8612K [0x0000000080000000, 0x0000000084300000, 0x00000000d5580000)
  object space 68608K, 12% used [0x0000000080000000,0x0000000080869300,0x0000000084300000)
 Metaspace       used 20524K, committed 21504K, reserved 1114112K
  class space    used 2201K, committed 2624K, reserved 1048576K
}
Event: 3.765 GC heap after
{Heap after GC invocations=7 (full 0):
 PSYoungGen      total 28672K, used 4041K [0x00000000d5580000, 0x00000000d7680000, 0x0000000100000000)
  eden space 24576K, 0% used [0x00000000d5580000,0x00000000d5580000,0x00000000d6d80000)
  from space 4096K, 98% used [0x00000000d6e80000,0x00000000d72724f0,0x00000000d7280000)
  to   space 4096K, 0% used [0x00000000d7280000,0x00000000d7280000,0x00000000d7680000)
 ParOldGen       total 68608K, used 9942K [0x0000000080000000, 0x0000000084300000, 0x00000000d5580000)
  object space 68608K, 14% used [0x0000000080000000,0x00000000809b5ba0,0x0000000084300000)
 Metaspace       used 20524K, committed 21504K, reserved 1114112K
  class space    used 2201K, committed 2624K, reserved 1048576K
}
Event: 3.765 GC heap before
{Heap before GC invocations=8 (full 1):
 PSYoungGen      total 28672K, used 4041K [0x00000000d5580000, 0x00000000d7680000, 0x0000000100000000)
  eden space 24576K, 0% used [0x00000000d5580000,0x00000000d5580000,0x00000000d6d80000)
  from space 4096K, 98% used [0x00000000d6e80000,0x00000000d72724f0,0x00000000d7280000)
  to   space 4096K, 0% used [0x00000000d7280000,0x00000000d7280000,0x00000000d7680000)
 ParOldGen       total 68608K, used 9942K [0x0000000080000000, 0x0000000084300000, 0x00000000d5580000)
  object space 68608K, 14% used [0x0000000080000000,0x00000000809b5ba0,0x0000000084300000)
 Metaspace       used 20524K, committed 21504K, reserved 1114112K
  class space    used 2201K, committed 2624K, reserved 1048576K
}
Event: 3.794 GC heap after
{Heap after GC invocations=8 (full 1):
 PSYoungGen      total 28672K, used 0K [0x00000000d5580000, 0x00000000d7680000, 0x0000000100000000)
  eden space 24576K, 0% used [0x00000000d5580000,0x00000000d5580000,0x00000000d6d80000)
  from space 4096K, 0% used [0x00000000d6e80000,0x00000000d6e80000,0x00000000d7280000)
  to   space 4096K, 0% used [0x00000000d7280000,0x00000000d7280000,0x00000000d7680000)
 ParOldGen       total 68608K, used 13293K [0x0000000080000000, 0x0000000084300000, 0x00000000d5580000)
  object space 68608K, 19% used [0x0000000080000000,0x0000000080cfb6e0,0x0000000084300000)
 Metaspace       used 20511K, committed 21504K, reserved 1114112K
  class space    used 2197K, committed 2624K, reserved 1048576K
}
Event: 4.029 GC heap before
{Heap before GC invocations=9 (full 1):
 PSYoungGen      total 28672K, used 24576K [0x00000000d5580000, 0x00000000d7680000, 0x0000000100000000)
  eden space 24576K, 100% used [0x00000000d5580000,0x00000000d6d80000,0x00000000d6d80000)
  from space 4096K, 0% used [0x00000000d6e80000,0x00000000d6e80000,0x00000000d7280000)
  to   space 4096K, 0% used [0x00000000d7280000,0x00000000d7280000,0x00000000d7680000)
 ParOldGen       total 68608K, used 13293K [0x0000000080000000, 0x0000000084300000, 0x00000000d5580000)
  object space 68608K, 19% used [0x0000000080000000,0x0000000080cfb6e0,0x0000000084300000)
 Metaspace       used 22618K, committed 23616K, reserved 1114112K
  class space    used 2389K, committed 2816K, reserved 1048576K
}
Event: 4.030 GC heap after
{Heap after GC invocations=9 (full 1):
 PSYoungGen      total 25088K, used 837K [0x00000000d5580000, 0x00000000d7380000, 0x0000000100000000)
  eden space 24064K, 0% used [0x00000000d5580000,0x00000000d5580000,0x00000000d6d00000)
  from space 1024K, 81% used [0x00000000d7280000,0x00000000d7351650,0x00000000d7380000)
  to   space 2560K, 0% used [0x00000000d6e80000,0x00000000d6e80000,0x00000000d7100000)
 ParOldGen       total 68608K, used 13301K [0x0000000080000000, 0x0000000084300000, 0x00000000d5580000)
  object space 68608K, 19% used [0x0000000080000000,0x0000000080cfd6e0,0x0000000084300000)
 Metaspace       used 22618K, committed 23616K, reserved 1114112K
  class space    used 2389K, committed 2816K, reserved 1048576K
}
Event: 4.199 GC heap before
{Heap before GC invocations=10 (full 1):
 PSYoungGen      total 25088K, used 24901K [0x00000000d5580000, 0x00000000d7380000, 0x0000000100000000)
  eden space 24064K, 100% used [0x00000000d5580000,0x00000000d6d00000,0x00000000d6d00000)
  from space 1024K, 81% used [0x00000000d7280000,0x00000000d7351650,0x00000000d7380000)
  to   space 2560K, 0% used [0x00000000d6e80000,0x00000000d6e80000,0x00000000d7100000)
 ParOldGen       total 68608K, used 13301K [0x0000000080000000, 0x0000000084300000, 0x00000000d5580000)
  object space 68608K, 19% used [0x0000000080000000,0x0000000080cfd6e0,0x0000000084300000)
 Metaspace       used 26337K, committed 27392K, reserved 1114112K
  class space    used 2660K, committed 3072K, reserved 1048576K
}
Event: 4.199 GC heap after
{Heap after GC invocations=10 (full 1):
 PSYoungGen      total 26112K, used 965K [0x00000000d5580000, 0x00000000d7300000, 0x0000000100000000)
  eden space 23552K, 0% used [0x00000000d5580000,0x00000000d5580000,0x00000000d6c80000)
  from space 2560K, 37% used [0x00000000d6e80000,0x00000000d6f71650,0x00000000d7100000)
  to   space 1536K, 0% used [0x00000000d7180000,0x00000000d7180000,0x00000000d7300000)
 ParOldGen       total 68608K, used 13309K [0x0000000080000000, 0x0000000084300000, 0x00000000d5580000)
  object space 68608K, 19% used [0x0000000080000000,0x0000000080cff6e0,0x0000000084300000)
 Metaspace       used 26337K, committed 27392K, reserved 1114112K
  class space    used 2660K, committed 3072K, reserved 1048576K
}
Event: 4.442 GC heap before
{Heap before GC invocations=11 (full 1):
 PSYoungGen      total 26112K, used 24517K [0x00000000d5580000, 0x00000000d7300000, 0x0000000100000000)
  eden space 23552K, 100% used [0x00000000d5580000,0x00000000d6c80000,0x00000000d6c80000)
  from space 2560K, 37% used [0x00000000d6e80000,0x00000000d6f71650,0x00000000d7100000)
  to   space 1536K, 0% used [0x00000000d7180000,0x00000000d7180000,0x00000000d7300000)
 ParOldGen       total 68608K, used 13309K [0x0000000080000000, 0x0000000084300000, 0x00000000d5580000)
  object space 68608K, 19% used [0x0000000080000000,0x0000000080cff6e0,0x0000000084300000)
 Metaspace       used 27809K, committed 28864K, reserved 1114112K
  class space    used 2765K, committed 3200K, reserved 1048576K
}
Event: 4.445 GC heap after
{Heap after GC invocations=11 (full 1):
 PSYoungGen      total 24576K, used 1531K [0x00000000d5580000, 0x00000000d7400000, 0x0000000100000000)
  eden space 23040K, 0% used [0x00000000d5580000,0x00000000d5580000,0x00000000d6c00000)
  from space 1536K, 99% used [0x00000000d7180000,0x00000000d72feda0,0x00000000d7300000)
  to   space 4096K, 0% used [0x00000000d6c00000,0x00000000d6c00000,0x00000000d7000000)
 ParOldGen       total 68608K, used 15025K [0x0000000080000000, 0x0000000084300000, 0x00000000d5580000)
  object space 68608K, 21% used [0x0000000080000000,0x0000000080eac4c8,0x0000000084300000)
 Metaspace       used 27809K, committed 28864K, reserved 1114112K
  class space    used 2765K, committed 3200K, reserved 1048576K
}
Event: 4.909 GC heap before
{Heap before GC invocations=12 (full 1):
 PSYoungGen      total 24576K, used 24396K [0x00000000d5580000, 0x00000000d7400000, 0x0000000100000000)
  eden space 23040K, 99% used [0x00000000d5580000,0x00000000d6bd4440,0x00000000d6c00000)
  from space 1536K, 99% used [0x00000000d7180000,0x00000000d72feda0,0x00000000d7300000)
  to   space 4096K, 0% used [0x00000000d6c00000,0x00000000d6c00000,0x00000000d7000000)
 ParOldGen       total 68608K, used 15025K [0x0000000080000000, 0x0000000084300000, 0x00000000d5580000)
  object space 68608K, 21% used [0x0000000080000000,0x0000000080eac4c8,0x0000000084300000)
 Metaspace       used 31196K, committed 32384K, reserved 1114112K
  class space    used 3120K, committed 3648K, reserved 1048576K
}
Event: 4.913 GC heap after
{Heap after GC invocations=12 (full 1):
 PSYoungGen      total 25088K, used 2206K [0x00000000d5580000, 0x00000000d7200000, 0x0000000100000000)
  eden space 22528K, 0% used [0x00000000d5580000,0x00000000d5580000,0x00000000d6b80000)
  from space 2560K, 86% used [0x00000000d6c00000,0x00000000d6e279b8,0x00000000d6e80000)
  to   space 3072K, 0% used [0x00000000d6f00000,0x00000000d6f00000,0x00000000d7200000)
 ParOldGen       total 68608K, used 16564K [0x0000000080000000, 0x0000000084300000, 0x00000000d5580000)
  object space 68608K, 24% used [0x0000000080000000,0x000000008102d2d8,0x0000000084300000)
 Metaspace       used 31196K, committed 32384K, reserved 1114112K
  class space    used 3120K, committed 3648K, reserved 1048576K
}
Event: 5.092 GC heap before
{Heap before GC invocations=13 (full 1):
 PSYoungGen      total 25088K, used 24734K [0x00000000d5580000, 0x00000000d7200000, 0x0000000100000000)
  eden space 22528K, 100% used [0x00000000d5580000,0x00000000d6b80000,0x00000000d6b80000)
  from space 2560K, 86% used [0x00000000d6c00000,0x00000000d6e279b8,0x00000000d6e80000)
  to   space 3072K, 0% used [0x00000000d6f00000,0x00000000d6f00000,0x00000000d7200000)
 ParOldGen       total 68608K, used 16564K [0x0000000080000000, 0x0000000084300000, 0x00000000d5580000)
  object space 68608K, 24% used [0x0000000080000000,0x000000008102d2d8,0x0000000084300000)
 Metaspace       used 33951K, committed 35136K, reserved 1114112K
  class space    used 3459K, committed 3968K, reserved 1048576K
}
Event: 5.096 GC heap after
{Heap after GC invocations=13 (full 1):
 PSYoungGen      total 24576K, used 2051K [0x00000000d5580000, 0x00000000d7180000, 0x0000000100000000)
  eden space 22016K, 0% used [0x00000000d5580000,0x00000000d5580000,0x00000000d6b00000)
  from space 2560K, 80% used [0x00000000d6f00000,0x00000000d7100e98,0x00000000d7180000)
  to   space 2560K, 0% used [0x00000000d6c80000,0x00000000d6c80000,0x00000000d6f00000)
 ParOldGen       total 68608K, used 18643K [0x0000000080000000, 0x0000000084300000, 0x00000000d5580000)
  object space 68608K, 27% used [0x0000000080000000,0x0000000081234df0,0x0000000084300000)
 Metaspace       used 33951K, committed 35136K, reserved 1114112K
  class space    used 3459K, committed 3968K, reserved 1048576K
}
Event: 5.183 GC heap before
{Heap before GC invocations=14 (full 1):
 PSYoungGen      total 24576K, used 9613K [0x00000000d5580000, 0x00000000d7180000, 0x0000000100000000)
  eden space 22016K, 34% used [0x00000000d5580000,0x00000000d5ce2680,0x00000000d6b00000)
  from space 2560K, 80% used [0x00000000d6f00000,0x00000000d7100e98,0x00000000d7180000)
  to   space 2560K, 0% used [0x00000000d6c80000,0x00000000d6c80000,0x00000000d6f00000)
 ParOldGen       total 68608K, used 18643K [0x0000000080000000, 0x0000000084300000, 0x00000000d5580000)
  object space 68608K, 27% used [0x0000000080000000,0x0000000081234df0,0x0000000084300000)
 Metaspace       used 34638K, committed 35840K, reserved 1114112K
  class space    used 3544K, committed 4096K, reserved 1048576K
}
Event: 5.185 GC heap after
{Heap after GC invocations=14 (full 1):
 PSYoungGen      total 23040K, used 608K [0x00000000d5580000, 0x00000000d6f80000, 0x0000000100000000)
  eden space 22016K, 0% used [0x00000000d5580000,0x00000000d5580000,0x00000000d6b00000)
  from space 1024K, 59% used [0x00000000d6c80000,0x00000000d6d18000,0x00000000d6d80000)
  to   space 1536K, 0% used [0x00000000d6e00000,0x00000000d6e00000,0x00000000d6f80000)
 ParOldGen       total 68608K, used 20465K [0x0000000080000000, 0x0000000084300000, 0x00000000d5580000)
  object space 68608K, 29% used [0x0000000080000000,0x00000000813fc620,0x0000000084300000)
 Metaspace       used 34638K, committed 35840K, reserved 1114112K
  class space    used 3544K, committed 4096K, reserved 1048576K
}
Event: 5.185 GC heap before
{Heap before GC invocations=15 (full 2):
 PSYoungGen      total 23040K, used 608K [0x00000000d5580000, 0x00000000d6f80000, 0x0000000100000000)
  eden space 22016K, 0% used [0x00000000d5580000,0x00000000d5580000,0x00000000d6b00000)
  from space 1024K, 59% used [0x00000000d6c80000,0x00000000d6d18000,0x00000000d6d80000)
  to   space 1536K, 0% used [0x00000000d6e00000,0x00000000d6e00000,0x00000000d6f80000)
 ParOldGen       total 68608K, used 20465K [0x0000000080000000, 0x0000000084300000, 0x00000000d5580000)
  object space 68608K, 29% used [0x0000000080000000,0x00000000813fc620,0x0000000084300000)
 Metaspace       used 34638K, committed 35840K, reserved 1114112K
  class space    used 3544K, committed 4096K, reserved 1048576K
}
Event: 5.218 GC heap after
{Heap after GC invocations=15 (full 2):
 PSYoungGen      total 23040K, used 0K [0x00000000d5580000, 0x00000000d6f80000, 0x0000000100000000)
  eden space 22016K, 0% used [0x00000000d5580000,0x00000000d5580000,0x00000000d6b00000)
  from space 1024K, 0% used [0x00000000d6c80000,0x00000000d6c80000,0x00000000d6d80000)
  to   space 1536K, 0% used [0x00000000d6e00000,0x00000000d6e00000,0x00000000d6f80000)
 ParOldGen       total 68608K, used 19968K [0x0000000080000000, 0x0000000084300000, 0x00000000d5580000)
  object space 68608K, 29% used [0x0000000080000000,0x00000000813800e8,0x0000000084300000)
 Metaspace       used 34638K, committed 35840K, reserved 1114112K
  class space    used 3544K, committed 4096K, reserved 1048576K
}
Event: 5.463 GC heap before
{Heap before GC invocations=16 (full 2):
 PSYoungGen      total 23040K, used 22016K [0x00000000d5580000, 0x00000000d6f80000, 0x0000000100000000)
  eden space 22016K, 100% used [0x00000000d5580000,0x00000000d6b00000,0x00000000d6b00000)
  from space 1024K, 0% used [0x00000000d6c80000,0x00000000d6c80000,0x00000000d6d80000)
  to   space 1536K, 0% used [0x00000000d6e00000,0x00000000d6e00000,0x00000000d6f80000)
 ParOldGen       total 68608K, used 19968K [0x0000000080000000, 0x0000000084300000, 0x00000000d5580000)
  object space 68608K, 29% used [0x0000000080000000,0x00000000813800e8,0x0000000084300000)
 Metaspace       used 36378K, committed 37632K, reserved 1114112K
  class space    used 3749K, committed 4352K, reserved 1048576K
}
Event: 5.467 GC heap after
{Heap after GC invocations=16 (full 2):
 PSYoungGen      total 22016K, used 1527K [0x00000000d5580000, 0x00000000d7400000, 0x0000000100000000)
  eden space 20480K, 0% used [0x00000000d5580000,0x00000000d5580000,0x00000000d6980000)
  from space 1536K, 99% used [0x00000000d6e00000,0x00000000d6f7de80,0x00000000d6f80000)
  to   space 4608K, 0% used [0x00000000d6980000,0x00000000d6980000,0x00000000d6e00000)
 ParOldGen       total 68608K, used 22096K [0x0000000080000000, 0x0000000084300000, 0x00000000d5580000)
  object space 68608K, 32% used [0x0000000080000000,0x00000000815940e8,0x0000000084300000)
 Metaspace       used 36378K, committed 37632K, reserved 1114112K
  class space    used 3749K, committed 4352K, reserved 1048576K
}

Dll operation events (10 events):
Event: 0.012 Loaded shared library c:\Users\iSart\.trae\extensions\redhat.java-1.47.0-win32-x64\jre\21.0.8-win32-x86_64\bin\java.dll
Event: 0.063 Loaded shared library c:\Users\iSart\.trae\extensions\redhat.java-1.47.0-win32-x64\jre\21.0.8-win32-x86_64\bin\zip.dll
Event: 0.218 Loaded shared library C:\Users\iSart\.trae\extensions\redhat.java-1.47.0-win32-x64\jre\21.0.8-win32-x86_64\bin\instrument.dll
Event: 0.225 Loaded shared library C:\Users\iSart\.trae\extensions\redhat.java-1.47.0-win32-x64\jre\21.0.8-win32-x86_64\bin\net.dll
Event: 0.228 Loaded shared library C:\Users\iSart\.trae\extensions\redhat.java-1.47.0-win32-x64\jre\21.0.8-win32-x86_64\bin\nio.dll
Event: 0.232 Loaded shared library C:\Users\iSart\.trae\extensions\redhat.java-1.47.0-win32-x64\jre\21.0.8-win32-x86_64\bin\zip.dll
Event: 0.264 Loaded shared library C:\Users\iSart\.trae\extensions\redhat.java-1.47.0-win32-x64\jre\21.0.8-win32-x86_64\bin\jimage.dll
Event: 0.346 Loaded shared library c:\Users\iSart\.trae\extensions\redhat.java-1.47.0-win32-x64\jre\21.0.8-win32-x86_64\bin\verify.dll
Event: 1.795 Loaded shared library C:\Users\iSart\AppData\Roaming\Trae\User\globalStorage\redhat.java\1.47.0\config_win\org.eclipse.equinox.launcher\org.eclipse.equinox.launcher.win32.win32.x86_64_1.2.1400.v20250801-0854\eclipse_11916.dll
Event: 3.255 Loaded shared library C:\Users\iSart\AppData\Local\Temp\jna-99539225\jna12700749485888666528.dll

Deoptimization events (20 events):
Event: 5.355 Thread 0x00000208a64d3c80 Uncommon trap: trap_request=0xffffff45 fr.pc=0x00000208b131feec relative=0x000000000000064c
Event: 5.355 Thread 0x00000208a64d3c80 Uncommon trap: reason=unstable_if action=reinterpret pc=0x00000208b131feec method=java.lang.AbstractStringBuilder.appendChars(Ljava/lang/String;II)V @ 11 c2
Event: 5.355 Thread 0x00000208a64d3c80 DEOPT PACKING pc=0x00000208b131feec sp=0x000000b0d58fdda0
Event: 5.355 Thread 0x00000208a64d3c80 DEOPT UNPACKING pc=0x00000208b0c53aa2 sp=0x000000b0d58fdce0 mode 2
Event: 5.440 Thread 0x000002088457fb00 DEOPT PACKING pc=0x00000208a9a38336 sp=0x000000b0d87feaf0
Event: 5.440 Thread 0x000002088457fb00 DEOPT UNPACKING pc=0x00000208b0c54242 sp=0x000000b0d87fdf98 mode 0
Event: 5.441 Thread 0x000002088457fb00 DEOPT PACKING pc=0x00000208a9a38336 sp=0x000000b0d87feaf0
Event: 5.441 Thread 0x000002088457fb00 DEOPT UNPACKING pc=0x00000208b0c54242 sp=0x000000b0d87fdf98 mode 0
Event: 5.485 Thread 0x000002088457a5b0 Uncommon trap: trap_request=0xffffff45 fr.pc=0x00000208b13bc088 relative=0x00000000000001c8
Event: 5.485 Thread 0x000002088457a5b0 Uncommon trap: reason=unstable_if action=reinterpret pc=0x00000208b13bc088 method=com.google.gson.stream.JsonReader.doPeek()I @ 731 c2
Event: 5.485 Thread 0x000002088457a5b0 DEOPT PACKING pc=0x00000208b13bc088 sp=0x000000b0d86ff0b0
Event: 5.485 Thread 0x000002088457a5b0 DEOPT UNPACKING pc=0x00000208b0c53aa2 sp=0x000000b0d86ff030 mode 2
Event: 5.485 Thread 0x000002088457a5b0 Uncommon trap: trap_request=0xffffff45 fr.pc=0x00000208b122b248 relative=0x00000000000000a8
Event: 5.485 Thread 0x000002088457a5b0 Uncommon trap: reason=unstable_if action=reinterpret pc=0x00000208b122b248 method=com.google.gson.stream.JsonReader.peek()Lcom/google/gson/stream/JsonToken; @ 15 c2
Event: 5.485 Thread 0x000002088457a5b0 DEOPT PACKING pc=0x00000208b122b248 sp=0x000000b0d86ff0e0
Event: 5.485 Thread 0x000002088457a5b0 DEOPT UNPACKING pc=0x00000208b0c53aa2 sp=0x000000b0d86ff068 mode 2
Event: 5.496 Thread 0x000002088457a5b0 Uncommon trap: trap_request=0xffffff45 fr.pc=0x00000208b13c0968 relative=0x0000000000001548
Event: 5.496 Thread 0x000002088457a5b0 Uncommon trap: reason=unstable_if action=reinterpret pc=0x00000208b13c0968 method=com.google.gson.stream.JsonReader.nextQuotedValue(C)Ljava/lang/String; @ 121 c2
Event: 5.496 Thread 0x000002088457a5b0 DEOPT PACKING pc=0x00000208b13c0968 sp=0x000000b0d86fea10
Event: 5.496 Thread 0x000002088457a5b0 DEOPT UNPACKING pc=0x00000208b0c53aa2 sp=0x000000b0d86fe9f8 mode 2

Classes loaded (20 events):
Event: 5.384 Loading class java/io/FilterReader
Event: 5.384 Loading class java/io/FilterReader done
Event: 5.436 Loading class java/util/concurrent/ForkJoinTask$AdaptedCallable
Event: 5.436 Loading class java/util/concurrent/ForkJoinTask$AdaptedCallable done
Event: 5.514 Loading class sun/reflect/generics/repository/FieldRepository
Event: 5.515 Loading class sun/reflect/generics/repository/FieldRepository done
Event: 5.673 Loading class sun/reflect/annotation/TypeAnnotationParser
Event: 5.673 Loading class sun/reflect/annotation/TypeAnnotationParser done
Event: 5.673 Loading class sun/reflect/annotation/TypeAnnotation
Event: 5.676 Loading class sun/reflect/annotation/TypeAnnotation done
Event: 5.676 Loading class sun/reflect/annotation/TypeAnnotation$TypeAnnotationTarget
Event: 5.677 Loading class sun/reflect/annotation/TypeAnnotation$TypeAnnotationTarget done
Event: 5.677 Loading class sun/reflect/annotation/TypeAnnotation$LocationInfo
Event: 5.677 Loading class sun/reflect/annotation/TypeAnnotation$LocationInfo done
Event: 5.677 Loading class sun/reflect/annotation/TypeAnnotation$LocationInfo$Location
Event: 5.677 Loading class sun/reflect/annotation/TypeAnnotation$LocationInfo$Location done
Event: 5.677 Loading class sun/reflect/annotation/AnnotatedTypeFactory
Event: 5.678 Loading class sun/reflect/annotation/AnnotatedTypeFactory done
Event: 5.678 Loading class sun/reflect/annotation/AnnotatedTypeFactory$AnnotatedTypeBaseImpl
Event: 5.678 Loading class sun/reflect/annotation/AnnotatedTypeFactory$AnnotatedTypeBaseImpl done

Classes unloaded (7 events):
Event: 3.771 Thread 0x00000208a63f0be0 Unloading class 0x00000208be1b0800 'java/lang/invoke/LambdaForm$MH+0x00000208be1b0800'
Event: 3.771 Thread 0x00000208a63f0be0 Unloading class 0x00000208be1b0400 'java/lang/invoke/LambdaForm$MH+0x00000208be1b0400'
Event: 3.771 Thread 0x00000208a63f0be0 Unloading class 0x00000208be1b0000 'java/lang/invoke/LambdaForm$MH+0x00000208be1b0000'
Event: 3.771 Thread 0x00000208a63f0be0 Unloading class 0x00000208be1afc00 'java/lang/invoke/LambdaForm$MH+0x00000208be1afc00'
Event: 3.771 Thread 0x00000208a63f0be0 Unloading class 0x00000208be1af800 'java/lang/invoke/LambdaForm$BMH+0x00000208be1af800'
Event: 3.771 Thread 0x00000208a63f0be0 Unloading class 0x00000208be1af400 'java/lang/invoke/LambdaForm$DMH+0x00000208be1af400'
Event: 3.771 Thread 0x00000208a63f0be0 Unloading class 0x00000208be1ae400 'java/lang/invoke/LambdaForm$DMH+0x00000208be1ae400'

Classes redefined (0 events):
No events

Internal exceptions (20 events):
Event: 5.055 Thread 0x0000020884523460 Exception <a 'sun/nio/fs/WindowsException'{0x00000000d6605ae0}> (0x00000000d6605ae0) 
thrown [s\src\hotspot\share\prims\jni.cpp, line 520]
Event: 5.055 Thread 0x0000020884523460 Exception <a 'sun/nio/fs/WindowsException'{0x00000000d6606110}> (0x00000000d6606110) 
thrown [s\src\hotspot\share\prims\jni.cpp, line 520]
Event: 5.055 Thread 0x0000020884523460 Exception <a 'sun/nio/fs/WindowsException'{0x00000000d6617dd8}> (0x00000000d6617dd8) 
thrown [s\src\hotspot\share\prims\jni.cpp, line 520]
Event: 5.055 Thread 0x0000020884523460 Exception <a 'sun/nio/fs/WindowsException'{0x00000000d6618408}> (0x00000000d6618408) 
thrown [s\src\hotspot\share\prims\jni.cpp, line 520]
Event: 5.055 Thread 0x0000020884523460 Exception <a 'sun/nio/fs/WindowsException'{0x00000000d661a0d0}> (0x00000000d661a0d0) 
thrown [s\src\hotspot\share\prims\jni.cpp, line 520]
Event: 5.055 Thread 0x0000020884523460 Exception <a 'sun/nio/fs/WindowsException'{0x00000000d661a700}> (0x00000000d661a700) 
thrown [s\src\hotspot\share\prims\jni.cpp, line 520]
Event: 5.065 Thread 0x0000020884523460 Exception <a 'java/io/FileNotFoundException'{0x00000000d677c5e0}> (0x00000000d677c5e0) 
thrown [s\src\hotspot\share\prims\jni.cpp, line 520]
Event: 5.222 Thread 0x0000020884525530 Exception <a 'java/lang/NoSuchMethodError'{0x00000000d56048a8}: 'java.lang.Object java.lang.invoke.DirectMethodHandle$Holder.invokeSpecialIFC(java.lang.Object, java.lang.Object, java.lang.Object, java.lang.Object)'> (0x00000000d56048a8) 
thrown [s\src\hotspot\share\interpreter\linkResolver.cpp, line 773]
Event: 5.224 Thread 0x00000208a64d3c80 Exception <a 'java/lang/NoSuchMethodError'{0x00000000d56781d0}: 'void java.lang.invoke.DirectMethodHandle$Holder.invokeSpecial(java.lang.Object, java.lang.Object, java.lang.Object, java.lang.Object, java.lang.Object, java.lang.Object)'> (0x00000000d56781d0) 
thrown [s\src\hotspot\share\interpreter\linkResolver.cpp, line 773]
Event: 5.225 Thread 0x00000208a64d3c80 Exception <a 'java/lang/IncompatibleClassChangeError'{0x00000000d5692fd0}: Found class java.lang.Object, but interface was expected> (0x00000000d5692fd0) 
thrown [s\src\hotspot\share\interpreter\linkResolver.cpp, line 840]
Event: 5.227 Thread 0x00000208a64d3c80 Exception <a 'java/lang/IncompatibleClassChangeError'{0x00000000d5694ed0}: Found class java.lang.Object, but interface was expected> (0x00000000d5694ed0) 
thrown [s\src\hotspot\share\interpreter\linkResolver.cpp, line 840]
Event: 5.252 Thread 0x0000020884523460 Exception <a 'sun/nio/fs/WindowsException'{0x00000000d5c0d050}> (0x00000000d5c0d050) 
thrown [s\src\hotspot\share\prims\jni.cpp, line 520]
Event: 5.292 Thread 0x0000020884523460 Exception <a 'java/io/FileNotFoundException'{0x00000000d5e51940}> (0x00000000d5e51940) 
thrown [s\src\hotspot\share\prims\jni.cpp, line 520]
Event: 5.294 Thread 0x0000020884523460 Exception <a 'java/io/FileNotFoundException'{0x00000000d5e52ee8}> (0x00000000d5e52ee8) 
thrown [s\src\hotspot\share\prims\jni.cpp, line 520]
Event: 5.295 Thread 0x0000020884523460 Exception <a 'java/lang/NoSuchMethodError'{0x00000000d5f03eb8}: 'java.lang.Object java.lang.invoke.DirectMethodHandle$Holder.newInvokeSpecial(java.lang.Object, java.lang.Object, java.lang.Object, int)'> (0x00000000d5f03eb8) 
thrown [s\src\hotspot\share\interpreter\linkResolver.cpp, line 773]
Event: 5.295 Thread 0x0000020884523460 Exception <a 'java/lang/NoSuchMethodError'{0x00000000d5f07b70}: 'java.lang.Object java.lang.invoke.DirectMethodHandle$Holder.invokeSpecial(java.lang.Object, java.lang.Object, java.lang.Object, java.lang.Object, int)'> (0x00000000d5f07b70) 
thrown [s\src\hotspot\share\interpreter\linkResolver.cpp, line 773]
Event: 5.296 Thread 0x0000020884523460 Exception <a 'java/lang/NoSuchMethodError'{0x00000000d5f0b018}: 'java.lang.Object java.lang.invoke.Invokers$Holder.linkToTargetMethod(java.lang.Object, java.lang.Object, int, java.lang.Object)'> (0x00000000d5f0b018) 
thrown [s\src\hotspot\share\interpreter\linkResolver.cpp, line 773]
Event: 5.297 Thread 0x0000020884523460 Exception <a 'java/lang/NoSuchMethodError'{0x00000000d5f486a8}: 'void java.lang.invoke.DirectMethodHandle$Holder.invokeStaticInit(java.lang.Object, java.lang.Object, java.lang.Object)'> (0x00000000d5f486a8) 
thrown [s\src\hotspot\share\interpreter\linkResolver.cpp, line 773]
Event: 5.434 Thread 0x0000020884523460 Exception <a 'java/io/FileNotFoundException'{0x00000000d67f0a28}> (0x00000000d67f0a28) 
thrown [s\src\hotspot\share\prims\jni.cpp, line 520]
Event: 5.435 Thread 0x0000020884523460 Exception <a 'java/io/FileNotFoundException'{0x00000000d67f1940}> (0x00000000d67f1940) 
thrown [s\src\hotspot\share\prims\jni.cpp, line 520]

ZGC Phase Switch (0 events):
No events

VM Operations (20 events):
Event: 4.029 Executing VM operation: ParallelGCFailedAllocation (Allocation Failure)
Event: 4.030 Executing VM operation: ParallelGCFailedAllocation (Allocation Failure) done
Event: 4.199 Executing VM operation: ParallelGCFailedAllocation (Allocation Failure)
Event: 4.199 Executing VM operation: ParallelGCFailedAllocation (Allocation Failure) done
Event: 4.441 Executing VM operation: ParallelGCFailedAllocation (Allocation Failure)
Event: 4.445 Executing VM operation: ParallelGCFailedAllocation (Allocation Failure) done
Event: 4.495 Executing VM operation: HandshakeAllThreads (Deoptimize)
Event: 4.534 Executing VM operation: HandshakeAllThreads (Deoptimize) done
Event: 4.675 Executing VM operation: HandshakeAllThreads (Deoptimize)
Event: 4.675 Executing VM operation: HandshakeAllThreads (Deoptimize) done
Event: 4.893 Executing VM operation: ParallelGCFailedAllocation (Allocation Failure)
Event: 4.913 Executing VM operation: ParallelGCFailedAllocation (Allocation Failure) done
Event: 5.000 Executing VM operation: HandshakeAllThreads (Deoptimize)
Event: 5.025 Executing VM operation: HandshakeAllThreads (Deoptimize) done
Event: 5.085 Executing VM operation: ParallelGCFailedAllocation (Allocation Failure)
Event: 5.096 Executing VM operation: ParallelGCFailedAllocation (Allocation Failure) done
Event: 5.182 Executing VM operation: CollectForMetadataAllocation (Metadata GC Threshold)
Event: 5.218 Executing VM operation: CollectForMetadataAllocation (Metadata GC Threshold) done
Event: 5.454 Executing VM operation: ParallelGCFailedAllocation (Allocation Failure)
Event: 5.467 Executing VM operation: ParallelGCFailedAllocation (Allocation Failure) done

Memory protections (0 events):
No events

Nmethod flushes (20 events):
Event: 5.201 Thread 0x00000208a63f0be0 flushing  nmethod 0x00000208a9ca4a90
Event: 5.201 Thread 0x00000208a63f0be0 flushing  nmethod 0x00000208a9cda490
Event: 5.201 Thread 0x00000208a63f0be0 flushing  nmethod 0x00000208a9d0f690
Event: 5.201 Thread 0x00000208a63f0be0 flushing  nmethod 0x00000208a9d13010
Event: 5.201 Thread 0x00000208a63f0be0 flushing  nmethod 0x00000208a9d13910
Event: 5.201 Thread 0x00000208a63f0be0 flushing  nmethod 0x00000208a9d14b10
Event: 5.201 Thread 0x00000208a63f0be0 flushing  nmethod 0x00000208a9d15310
Event: 5.201 Thread 0x00000208a63f0be0 flushing  nmethod 0x00000208a9d15a90
Event: 5.201 Thread 0x00000208a63f0be0 flushing  nmethod 0x00000208a9d17010
Event: 5.201 Thread 0x00000208a63f0be0 flushing  nmethod 0x00000208a9d19090
Event: 5.201 Thread 0x00000208a63f0be0 flushing  nmethod 0x00000208a9d19d90
Event: 5.201 Thread 0x00000208a63f0be0 flushing  nmethod 0x00000208a9d1ad90
Event: 5.201 Thread 0x00000208a63f0be0 flushing  nmethod 0x00000208a9d1b290
Event: 5.201 Thread 0x00000208a63f0be0 flushing  nmethod 0x00000208a9d1c510
Event: 5.201 Thread 0x00000208a63f0be0 flushing  nmethod 0x00000208a9d46510
Event: 5.201 Thread 0x00000208a63f0be0 flushing  nmethod 0x00000208a9d5f790
Event: 5.201 Thread 0x00000208a63f0be0 flushing  nmethod 0x00000208a9d65690
Event: 5.201 Thread 0x00000208a63f0be0 flushing  nmethod 0x00000208a9ddaf90
Event: 5.201 Thread 0x00000208a63f0be0 flushing  nmethod 0x00000208a9ded290
Event: 5.201 Thread 0x00000208a63f0be0 flushing  nmethod 0x00000208a9ded710

Events (20 events):
Event: 3.344 Thread 0x00000208ff913810 Thread added: 0x0000020884524180
Event: 4.457 Thread 0x00000208ff913810 Thread added: 0x0000020884524810
Event: 4.863 Thread 0x0000020884524180 Thread added: 0x0000020884525530
Event: 4.928 Thread 0x0000020884525530 Thread added: 0x0000020884524ea0
Event: 4.954 Thread 0x0000020884524ea0 Thread added: 0x0000020884522740
Event: 4.964 Thread 0x00000208a64d3c80 Thread added: 0x0000020884522dd0
Event: 4.964 Thread 0x00000208a64d3c80 Thread added: 0x000002088457d3a0
Event: 4.964 Thread 0x00000208a64d3c80 Thread added: 0x000002088457da30
Event: 4.964 Thread 0x00000208a64d3c80 Thread added: 0x000002088457e750
Event: 4.965 Thread 0x00000208a64d3c80 Thread added: 0x0000020884580eb0
Event: 4.965 Thread 0x00000208a64d3c80 Thread added: 0x0000020884580190
Event: 4.965 Thread 0x00000208a64d3c80 Thread added: 0x0000020884581540
Event: 5.024 Thread 0x00000208a64d3c80 Thread added: 0x000002088457c680
Event: 5.246 Thread 0x00000208a64d3c80 Thread added: 0x000002088457f470
Event: 5.246 Thread 0x00000208a64d3c80 Thread added: 0x000002088457a5b0
Event: 5.437 Thread 0x0000020884523460 Thread added: 0x000002088457fb00
Event: 5.437 Thread 0x0000020884523460 Thread added: 0x000002088457e0c0
Event: 5.438 Thread 0x000002088457fb00 Thread added: 0x0000020884580820
Event: 5.447 Thread 0x000002088457e0c0 Thread added: 0x000002088457ede0
Event: 5.469 Thread 0x0000020884580820 Thread added: 0x000002088457bff0


Dynamic libraries:
0x00007ff67f650000 - 0x00007ff67f65e000 	c:\Users\iSart\.trae\extensions\redhat.java-1.47.0-win32-x64\jre\21.0.8-win32-x86_64\bin\java.exe
0x00007ffdec4d0000 - 0x00007ffdec6c8000 	C:\Windows\SYSTEM32\ntdll.dll
0x00007ffdead40000 - 0x00007ffdeae02000 	C:\Windows\System32\KERNEL32.DLL
0x00007ffde9de0000 - 0x00007ffdea0d6000 	C:\Windows\System32\KERNELBASE.dll
0x00007ffdea170000 - 0x00007ffdea270000 	C:\Windows\System32\ucrtbase.dll
0x00007ffddee30000 - 0x00007ffddee48000 	c:\Users\iSart\.trae\extensions\redhat.java-1.47.0-win32-x64\jre\21.0.8-win32-x86_64\bin\jli.dll
0x00007ffdea680000 - 0x00007ffdea821000 	C:\Windows\System32\USER32.dll
0x00007ffde9c10000 - 0x00007ffde9c32000 	C:\Windows\System32\win32u.dll
0x00007ffdec090000 - 0x00007ffdec0bb000 	C:\Windows\System32\GDI32.dll
0x00007ffde9cc0000 - 0x00007ffde9dd9000 	C:\Windows\System32\gdi32full.dll
0x00007ffdea450000 - 0x00007ffdea4ed000 	C:\Windows\System32\msvcp_win.dll
0x00007ffdd1f00000 - 0x00007ffdd1f1e000 	c:\Users\iSart\.trae\extensions\redhat.java-1.47.0-win32-x64\jre\21.0.8-win32-x86_64\bin\VCRUNTIME140.dll
0x00007ffddcb20000 - 0x00007ffddcdbb000 	C:\Windows\WinSxS\amd64_microsoft.windows.common-controls_6595b64144ccf1df_6.0.19041.6456_none_60b8a6cb71f64256\COMCTL32.dll
0x00007ffdea9e0000 - 0x00007ffdeaa7e000 	C:\Windows\System32\msvcrt.dll
0x00007ffdeb420000 - 0x00007ffdeb44f000 	C:\Windows\System32\IMM32.DLL
0x00007ffddee60000 - 0x00007ffddee6c000 	c:\Users\iSart\.trae\extensions\redhat.java-1.47.0-win32-x64\jre\21.0.8-win32-x86_64\bin\vcruntime140_1.dll
0x00007ffda3c60000 - 0x00007ffda3ced000 	c:\Users\iSart\.trae\extensions\redhat.java-1.47.0-win32-x64\jre\21.0.8-win32-x86_64\bin\msvcp140.dll
0x00007ffd99560000 - 0x00007ffd9a2f7000 	c:\Users\iSart\.trae\extensions\redhat.java-1.47.0-win32-x64\jre\21.0.8-win32-x86_64\bin\server\jvm.dll
0x00007ffdeb280000 - 0x00007ffdeb331000 	C:\Windows\System32\ADVAPI32.dll
0x00007ffdebf90000 - 0x00007ffdec02f000 	C:\Windows\System32\sechost.dll
0x00007ffdebdc0000 - 0x00007ffdebee0000 	C:\Windows\System32\RPCRT4.dll
0x00007ffdea270000 - 0x00007ffdea297000 	C:\Windows\System32\bcrypt.dll
0x00007ffdebce0000 - 0x00007ffdebd4b000 	C:\Windows\System32\WS2_32.dll
0x00007ffde90a0000 - 0x00007ffde90eb000 	C:\Windows\SYSTEM32\POWRPROF.dll
0x00007ffdda600000 - 0x00007ffdda627000 	C:\Windows\SYSTEM32\WINMM.dll
0x00007ffde3970000 - 0x00007ffde397a000 	C:\Windows\SYSTEM32\VERSION.dll
0x00007ffde8f60000 - 0x00007ffde8f72000 	C:\Windows\SYSTEM32\UMPDC.dll
0x00007ffde83c0000 - 0x00007ffde83d2000 	C:\Windows\SYSTEM32\kernel.appcore.dll
0x00007ffdd1f40000 - 0x00007ffdd1f4a000 	c:\Users\iSart\.trae\extensions\redhat.java-1.47.0-win32-x64\jre\21.0.8-win32-x86_64\bin\jimage.dll
0x00007ffde7ec0000 - 0x00007ffde80c1000 	C:\Windows\SYSTEM32\DBGHELP.DLL
0x00007ffdcdf50000 - 0x00007ffdcdf84000 	C:\Windows\SYSTEM32\dbgcore.DLL
0x00007ffdea0e0000 - 0x00007ffdea162000 	C:\Windows\System32\bcryptPrimitives.dll
0x00007ffdd1ea0000 - 0x00007ffdd1eaf000 	c:\Users\iSart\.trae\extensions\redhat.java-1.47.0-win32-x64\jre\21.0.8-win32-x86_64\bin\instrument.dll
0x00007ffdd1a70000 - 0x00007ffdd1a8f000 	c:\Users\iSart\.trae\extensions\redhat.java-1.47.0-win32-x64\jre\21.0.8-win32-x86_64\bin\java.dll
0x00007ffdeb570000 - 0x00007ffdebce0000 	C:\Windows\System32\SHELL32.dll
0x00007ffde7710000 - 0x00007ffde7eb5000 	C:\Windows\SYSTEM32\windows.storage.dll
0x00007ffdec0c0000 - 0x00007ffdec414000 	C:\Windows\System32\combase.dll
0x00007ffde9590000 - 0x00007ffde95bb000 	C:\Windows\SYSTEM32\Wldp.dll
0x00007ffdeac60000 - 0x00007ffdead2d000 	C:\Windows\System32\OLEAUT32.dll
0x00007ffdea570000 - 0x00007ffdea61d000 	C:\Windows\System32\SHCORE.dll
0x00007ffdea620000 - 0x00007ffdea67b000 	C:\Windows\System32\shlwapi.dll
0x00007ffde9a90000 - 0x00007ffde9ab4000 	C:\Windows\SYSTEM32\profapi.dll
0x00007ffde5d50000 - 0x00007ffde5d68000 	c:\Users\iSart\.trae\extensions\redhat.java-1.47.0-win32-x64\jre\21.0.8-win32-x86_64\bin\zip.dll
0x00007ffde5c40000 - 0x00007ffde5c50000 	C:\Users\iSart\.trae\extensions\redhat.java-1.47.0-win32-x64\jre\21.0.8-win32-x86_64\bin\net.dll
0x00007ffde2e50000 - 0x00007ffde2f5a000 	C:\Windows\SYSTEM32\WINHTTP.dll
0x00007ffde92f0000 - 0x00007ffde935a000 	C:\Windows\system32\mswsock.dll
0x00007ffdd1a50000 - 0x00007ffdd1a66000 	C:\Users\iSart\.trae\extensions\redhat.java-1.47.0-win32-x64\jre\21.0.8-win32-x86_64\bin\nio.dll
0x00007ffdd1e90000 - 0x00007ffdd1ea0000 	c:\Users\iSart\.trae\extensions\redhat.java-1.47.0-win32-x64\jre\21.0.8-win32-x86_64\bin\verify.dll
0x00007ffdbcba0000 - 0x00007ffdbcbe4000 	C:\Users\iSart\AppData\Roaming\Trae\User\globalStorage\redhat.java\1.47.0\config_win\org.eclipse.equinox.launcher\org.eclipse.equinox.launcher.win32.win32.x86_64_1.2.1400.v20250801-0854\eclipse_11916.dll
0x00007ffdeaa80000 - 0x00007ffdeabab000 	C:\Windows\System32\ole32.dll
0x00007ffde94e0000 - 0x00007ffde94f8000 	C:\Windows\SYSTEM32\CRYPTSP.dll
0x00007ffde8b30000 - 0x00007ffde8b68000 	C:\Windows\system32\rsaenh.dll
0x00007ffde9a50000 - 0x00007ffde9a7e000 	C:\Windows\SYSTEM32\USERENV.dll
0x00007ffde9500000 - 0x00007ffde950c000 	C:\Windows\SYSTEM32\CRYPTBASE.dll
0x00007ffde8f80000 - 0x00007ffde8fbb000 	C:\Windows\SYSTEM32\IPHLPAPI.DLL
0x00007ffdebd50000 - 0x00007ffdebd58000 	C:\Windows\System32\NSI.dll
0x00007ffdba3c0000 - 0x00007ffdba409000 	C:\Users\iSart\AppData\Local\Temp\jna-99539225\jna12700749485888666528.dll
0x00007ffdec420000 - 0x00007ffdec428000 	C:\Windows\System32\PSAPI.DLL
0x00007ffde3590000 - 0x00007ffde35a7000 	C:\Windows\SYSTEM32\dhcpcsvc6.DLL
0x00007ffde3bf0000 - 0x00007ffde3c0d000 	C:\Windows\SYSTEM32\dhcpcsvc.DLL

JVMTI agents:
c:\Users\iSart\.trae\extensions\redhat.java-1.47.0-win32-x64\lombok\lombok-1.18.39-4050.jar path:c:\Users\iSart\.trae\extensions\redhat.java-1.47.0-win32-x64\jre\21.0.8-win32-x86_64\bin\instrument.dll, loaded, initialized, instrumentlib options:none

dbghelp: loaded successfully - version: 4.0.5 - missing functions: none
symbol engine: initialized successfully - sym options: 0x614 - pdb path: .;c:\Users\iSart\.trae\extensions\redhat.java-1.47.0-win32-x64\jre\21.0.8-win32-x86_64\bin;C:\Windows\SYSTEM32;C:\Windows\WinSxS\amd64_microsoft.windows.common-controls_6595b64144ccf1df_6.0.19041.6456_none_60b8a6cb71f64256;c:\Users\iSart\.trae\extensions\redhat.java-1.47.0-win32-x64\jre\21.0.8-win32-x86_64\bin\server;C:\Users\iSart\AppData\Roaming\Trae\User\globalStorage\redhat.java\1.47.0\config_win\org.eclipse.equinox.launcher\org.eclipse.equinox.launcher.win32.win32.x86_64_1.2.1400.v20250801-0854;C:\Users\iSart\AppData\Local\Temp\jna-99539225

VM Arguments:
jvm_args: --add-modules=ALL-SYSTEM --add-opens=java.base/java.util=ALL-UNNAMED --add-opens=java.base/java.lang=ALL-UNNAMED --add-opens=java.base/sun.nio.fs=ALL-UNNAMED -Declipse.application=org.eclipse.jdt.ls.core.id1 -Dosgi.bundles.defaultStartLevel=4 -Declipse.product=org.eclipse.jdt.ls.core.product -Djava.import.generatesMetadataFilesAtProjectRoot=false -DDetectVMInstallationsJob.disabled=true -Dfile.encoding=utf8 -XX:+UseParallelGC -XX:GCTimeRatio=4 -XX:AdaptiveSizePolicyWeight=90 -Dsun.zip.disableMemoryMapping=true -Xmx2G -Xms100m -Xlog:disable -javaagent:c:\Users\iSart\.trae\extensions\redhat.java-1.47.0-win32-x64\lombok\lombok-1.18.39-4050.jar -XX:+HeapDumpOnOutOfMemoryError -XX:HeapDumpPath=c:\Users\iSart\AppData\Roaming\Trae\User\workspaceStorage\605016848a834900dc777012ce20dd0a\redhat.java -Daether.dependencyCollector.impl=bf 
java_command: c:\Users\iSart\.trae\extensions\redhat.java-1.47.0-win32-x64\server\plugins\org.eclipse.equinox.launcher_1.7.100.v20251014-1222.jar -configuration c:\Users\iSart\AppData\Roaming\Trae\User\globalStorage\redhat.java\1.47.0\config_win -data c:\Users\iSart\AppData\Roaming\Trae\User\workspaceStorage\605016848a834900dc777012ce20dd0a\redhat.java\jdt_ws --pipe=\\.\pipe\lsp-7d79aa8014004267a6e413072ece67f4-sock
java_class_path (initial): c:\Users\iSart\.trae\extensions\redhat.java-1.47.0-win32-x64\server\plugins\org.eclipse.equinox.launcher_1.7.100.v20251014-1222.jar
Launcher Type: SUN_STANDARD

[Global flags]
    uintx AdaptiveSizePolicyWeight                 = 90                                        {product} {command line}
     intx CICompilerCount                          = 3                                         {product} {ergonomic}
    uintx GCTimeRatio                              = 4                                         {product} {command line}
     bool HeapDumpOnOutOfMemoryError               = true                                   {manageable} {command line}
    ccstr HeapDumpPath                             = c:\Users\iSart\AppData\Roaming\Trae\User\workspaceStorage\605016848a834900dc777012ce20dd0a\redhat.java         {manageable} {command line}
   size_t InitialHeapSize                          = 104857600                                 {product} {command line}
   size_t MaxHeapSize                              = 2147483648                                {product} {command line}
   size_t MaxNewSize                               = 715653120                                 {product} {ergonomic}
   size_t MinHeapDeltaBytes                        = 524288                                    {product} {ergonomic}
   size_t MinHeapSize                              = 104857600                                 {product} {command line}
   size_t NewSize                                  = 34603008                                  {product} {ergonomic}
    uintx NonNMethodCodeHeapSize                   = 5832780                                {pd product} {ergonomic}
    uintx NonProfiledCodeHeapSize                  = 122912730                              {pd product} {ergonomic}
   size_t OldSize                                  = 70254592                                  {product} {ergonomic}
    uintx ProfiledCodeHeapSize                     = 122912730                              {pd product} {ergonomic}
    uintx ReservedCodeCacheSize                    = 251658240                              {pd product} {ergonomic}
     bool SegmentedCodeCache                       = true                                      {product} {ergonomic}
   size_t SoftMaxHeapSize                          = 2147483648                             {manageable} {ergonomic}
     bool UseCompressedOops                        = true                           {product lp64_product} {ergonomic}
     bool UseLargePagesIndividualAllocation        = false                                  {pd product} {ergonomic}
     bool UseParallelGC                            = true                                      {product} {command line}

Logging:
Log output configuration:
 #0: stdout all=off uptime,level,tags foldmultilines=false
 #1: stderr all=off uptime,level,tags foldmultilines=false

Environment Variables:
JAVA_HOME=C:\Program Files\Java\jdk-17
PATH=C:\Users\iSart\.trae\tools\gradle\latest\bin;C:\Program Files\Java\jdk-17\bin;C:\Users\iSart\.trae\tools\maven\latest\bin;C:\Python313\Scripts\;C:\Python313\;C:\Program Files\Common Files\Oracle\Java\javapath;C:\Program Files (x86)\Common Files\Oracle\Java\java8path;C:\Program Files (x86)\Common Files\Oracle\Java\javapath;C:\Windows\system32;C:\Windows;C:\Windows\System32\Wbem;C:\Windows\System32\WindowsPowerShell\v1.0\;C:\Windows\System32\OpenSSH\;C:\Windows\system32\downlevel;C:\Program Files\Git\cmd;C:\maven\apache-maven-3.6.3\bin;C:\Program Files (x86)\Groovy\bin;C:\Program Files\nodejs\;C:\ProgramData\chocolatey\bin;C:\Program Files (x86)\NetSarang\Xftp 8\;C:\Program Files (x86)\NetSarang\Xshell 8\;C:\Users\iSart\.local\bin;;C:\Program Files (x86)\NVIDIA Corporation\PhysX\Common;C:\Program Files\NVIDIA Corporation\NVIDIA NvDLISR;C:\Windows\dll;;C:\Program Files\python;C:\Program Files\python\Scripts;;C:\BtSoft\panel\script;D:\cursor\resources\app\bin;C:\Users\iSart\.local\bin;C:\Users\iSart\AppData\Local\Programs\Python\Python312\Scripts\;C:\Users\iSart\AppData\Local\Programs\Python\Python312\;C:\Users\iSart\AppData\Local\Microsoft\WindowsApps;C:\Program Files\JetBrains\IntelliJ IDEA 2024.2.3\bin;;C:\Program Files\JetBrains\PyCharm Community Edition 2025.1\bin;;C:\Users\iSart\AppData\Local\Programs\Microsoft VS Code\bin;C:\Users\iSart\AppData\Roaming\npm;C:\Users\iSart\AppData\Local\Programs\cursor\resources\app\bin;d:\Trae\resources\app\bin\lib
USERNAME=iSart
OS=Windows_NT
PROCESSOR_IDENTIFIER=Intel64 Family 6 Model 158 Stepping 10, GenuineIntel
TMP=C:\Users\iSart\AppData\Local\Temp
TEMP=C:\Users\iSart\AppData\Local\Temp




Periodic native trim disabled

---------------  S Y S T E M  ---------------

OS:
 Windows 10 , 64 bit Build 19041 (10.0.19041.5915)
OS uptime: 5 days 1:34 hours

CPU: total 6 (initial active 6) (6 cores per cpu, 1 threads per core) family 6 model 158 stepping 10 microcode 0xb4, cx8, cmov, fxsr, mmx, 3dnowpref, sse, sse2, sse3, ssse3, sse4.1, sse4.2, popcnt, lzcnt, tsc, tscinvbit, avx, avx2, aes, erms, clmul, bmi1, bmi2, adx, fma, vzeroupper, clflush, clflushopt, rdtscp, f16c
Processor Information for the first 6 processors :
  Max Mhz: 2904, Current Mhz: 2904, Mhz Limit: 2904

Memory: 4k page, system-wide physical 16319M (5323M free)
TotalPageFile size 44822M (AvailPageFile size 2M)
current process WorkingSet (physical memory assigned to process): 183M, peak: 201M
current process commit charge ("private bytes"): 301M, peak: 320M

vm_info: OpenJDK 64-Bit Server VM (21.0.8+9-LTS) for windows-amd64 JRE (21.0.8+9-LTS), built on 2025-07-15T00:00:00Z by "admin" with MS VC++ 17.7 (VS2022)

END.
