#
# There is insufficient memory for the Java Runtime Environment to continue.
# Native memory allocation (mmap) failed to map 268435456 bytes for G1 virtual space
# Possible reasons:
#   The system is out of physical RAM or swap space
#   The process is running with CompressedOops enabled, and the Java Heap may be blocking the growth of the native heap
# Possible solutions:
#   Reduce memory load on the system
#   Increase physical memory or swap space
#   Check if swap backing store is full
#   Decrease Java heap size (-Xmx/-Xms)
#   Decrease number of Java threads
#   Decrease Java thread stack sizes (-Xss)
#   Set larger code cache with -XX:ReservedCodeCacheSize=
#   JVM is running with Zero Based Compressed Oops mode in which the Java heap is
#     placed in the first 32GB address space. The Java Heap base address is the
#     maximum limit for the native heap growth. Please use -XX:HeapBaseMinAddress
#     to set the Java Heap base and to place the Java Heap above 32GB virtual address.
# This output file may be truncated or incomplete.
#
#  Out of Memory Error (os_windows.cpp:3551), pid=39836, tid=23752
#
# JRE version:  (17.0.15+9) (build )
# Java VM: Java HotSpot(TM) 64-Bit Server VM (17.0.15+9-LTS-241, mixed mode, sharing, tiered, compressed oops, compressed class ptrs, g1 gc, windows-amd64)
# No core dump will be written. Minidumps are not enabled by default on client versions of Windows
#

---------------  S U M M A R Y ------------

Command Line: 

Host: Intel(R) Core(TM) i5-9400 CPU @ 2.90GHz, 6 cores, 15G,  Windows 10 , 64 bit Build 19041 (10.0.19041.5915)
Time: Wed Nov  5 14:27:15 2025  Windows 10 , 64 bit Build 19041 (10.0.19041.5915) elapsed time: 0.018191 seconds (0d 0h 0m 0s)

---------------  T H R E A D  ---------------

Current thread (0x000002c8d12c7320):  JavaThread "Unknown thread" [_thread_in_vm, id=23752, stack(0x000000fd56100000,0x000000fd56200000)]

Stack: [0x000000fd56100000,0x000000fd56200000]
Native frames: (J=compiled Java code, j=interpreted, Vv=VM code, C=native code)
V  [jvm.dll+0x67a46a]
V  [jvm.dll+0x7da6ad]
V  [jvm.dll+0x7dbff3]
V  [jvm.dll+0x7dc663]
V  [jvm.dll+0x24523f]
V  [jvm.dll+0x677499]
V  [jvm.dll+0x66c122]
V  [jvm.dll+0x302156]
V  [jvm.dll+0x3096f6]
V  [jvm.dll+0x35a04e]
V  [jvm.dll+0x35a27f]
V  [jvm.dll+0x2d9228]
V  [jvm.dll+0x2da194]
V  [jvm.dll+0x7ace91]
V  [jvm.dll+0x3678b1]
V  [jvm.dll+0x78be69]
V  [jvm.dll+0x3ecc6e]
V  [jvm.dll+0x3ee8a1]
C  [jli.dll+0x5297]
C  [ucrtbase.dll+0x21bb2]
C  [KERNEL32.DLL+0x17374]
C  [ntdll.dll+0x4cc91]


---------------  P R O C E S S  ---------------

Threads class SMR info:
_java_thread_list=0x00007ffd84a28a18, length=0, elements={
}

Java Threads: ( => current thread )

Other Threads:
  0x000002c8d1332890 GCTaskThread "GC Thread#0" [stack: 0x000000fd56200000,0x000000fd56300000] [id=25636]
  0x000002c8d13436e0 ConcurrentGCThread "G1 Main Marker" [stack: 0x000000fd56300000,0x000000fd56400000] [id=29316]
  0x000002c8d13440f0 ConcurrentGCThread "G1 Conc#0" [stack: 0x000000fd56400000,0x000000fd56500000] [id=3916]

[error occurred during error reporting (printing all threads), id 0xc0000005, EXCEPTION_ACCESS_VIOLATION (0xc0000005) at pc=0x00007ffd84259d17]

VM state: not at safepoint (not fully initialized)

VM Mutex/Monitor currently owned by a thread:  ([mutex/lock_event])
[0x000002c8d12c3d20] Heap_lock - owner thread: 0x000002c8d12c7320

Heap address: 0x0000000701000000, size: 4080 MB, Compressed Oops mode: Zero based, Oop shift amount: 3

CDS archive(s) mapped at: [0x0000000000000000-0x0000000000000000-0x0000000000000000), size 0, SharedBaseAddress: 0x0000000800000000, ArchiveRelocationMode: 1.
Narrow klass base: 0x0000000000000000, Narrow klass shift: 0, Narrow klass range: 0x0

GC Precious Log:
<Empty>

Heap:
 garbage-first heap   total 0K, used 0K [0x0000000701000000, 0x0000000800000000)
  region size 2048K, 0 young (0K), 0 survivors (0K)

[error occurred during error reporting (printing heap information), id 0xc0000005, EXCEPTION_ACCESS_VIOLATION (0xc0000005) at pc=0x00007ffd84643c09]

GC Heap History (0 events):
No events

Deoptimization events (0 events):
No events

Classes unloaded (0 events):
No events

Classes redefined (0 events):
No events

Internal exceptions (0 events):
No events

VM Operations (0 events):
No events

Events (1 events):
Event: 0.008 Loaded shared library C:\Program Files\Java\jdk-17\bin\java.dll


Dynamic libraries:
0x00007ff652940000 - 0x00007ff652950000 	C:\Program Files\Java\jdk-17\bin\java.exe
0x00007ffdec4d0000 - 0x00007ffdec6c8000 	C:\Windows\SYSTEM32\ntdll.dll
0x00007ffdead40000 - 0x00007ffdeae02000 	C:\Windows\System32\KERNEL32.DLL
0x00007ffde9de0000 - 0x00007ffdea0d6000 	C:\Windows\System32\KERNELBASE.dll
0x00007ffdea170000 - 0x00007ffdea270000 	C:\Windows\System32\ucrtbase.dll
0x00007ffdc0c80000 - 0x00007ffdc0c99000 	C:\Program Files\Java\jdk-17\bin\jli.dll
0x00007ffdeb280000 - 0x00007ffdeb331000 	C:\Windows\System32\ADVAPI32.dll
0x00007ffdea9e0000 - 0x00007ffdeaa7e000 	C:\Windows\System32\msvcrt.dll
0x00007ffdebf90000 - 0x00007ffdec02f000 	C:\Windows\System32\sechost.dll
0x00007ffdebdc0000 - 0x00007ffdebee0000 	C:\Windows\System32\RPCRT4.dll
0x00007ffdd2120000 - 0x00007ffdd213b000 	C:\Program Files\Java\jdk-17\bin\VCRUNTIME140.dll
0x00007ffdea270000 - 0x00007ffdea297000 	C:\Windows\System32\bcrypt.dll
0x00007ffdea680000 - 0x00007ffdea821000 	C:\Windows\System32\USER32.dll
0x00007ffde9c10000 - 0x00007ffde9c32000 	C:\Windows\System32\win32u.dll
0x00007ffdec090000 - 0x00007ffdec0bb000 	C:\Windows\System32\GDI32.dll
0x00007ffde9cc0000 - 0x00007ffde9dd9000 	C:\Windows\System32\gdi32full.dll
0x00007ffdea450000 - 0x00007ffdea4ed000 	C:\Windows\System32\msvcp_win.dll
0x00007ffddcb20000 - 0x00007ffddcdbb000 	C:\Windows\WinSxS\amd64_microsoft.windows.common-controls_6595b64144ccf1df_6.0.19041.6456_none_60b8a6cb71f64256\COMCTL32.dll
0x00007ffde3970000 - 0x00007ffde397a000 	C:\Windows\SYSTEM32\VERSION.dll
0x00007ffdeb420000 - 0x00007ffdeb44f000 	C:\Windows\System32\IMM32.DLL
0x00007ffddebe0000 - 0x00007ffddebec000 	C:\Program Files\Java\jdk-17\bin\vcruntime140_1.dll
0x00007ffda3a50000 - 0x00007ffda3ade000 	C:\Program Files\Java\jdk-17\bin\msvcp140.dll
0x00007ffd83f70000 - 0x00007ffd84b51000 	C:\Program Files\Java\jdk-17\bin\server\jvm.dll
0x00007ffdec420000 - 0x00007ffdec428000 	C:\Windows\System32\PSAPI.DLL
0x00007ffdd1230000 - 0x00007ffdd1239000 	C:\Windows\SYSTEM32\WSOCK32.dll
0x00007ffdebce0000 - 0x00007ffdebd4b000 	C:\Windows\System32\WS2_32.dll
0x00007ffdda600000 - 0x00007ffdda627000 	C:\Windows\SYSTEM32\WINMM.dll
0x00007ffde83c0000 - 0x00007ffde83d2000 	C:\Windows\SYSTEM32\kernel.appcore.dll
0x00007ffdd1f50000 - 0x00007ffdd1f5a000 	C:\Program Files\Java\jdk-17\bin\jimage.dll
0x00007ffde7ec0000 - 0x00007ffde80c1000 	C:\Windows\SYSTEM32\DBGHELP.DLL
0x00007ffdcdf50000 - 0x00007ffdcdf84000 	C:\Windows\SYSTEM32\dbgcore.DLL
0x00007ffdea0e0000 - 0x00007ffdea162000 	C:\Windows\System32\bcryptPrimitives.dll
0x00007ffdc0c50000 - 0x00007ffdc0c75000 	C:\Program Files\Java\jdk-17\bin\java.dll

dbghelp: loaded successfully - version: 4.0.5 - missing functions: none
symbol engine: initialized successfully - sym options: 0x614 - pdb path: .;C:\Program Files\Java\jdk-17\bin;C:\Windows\SYSTEM32;C:\Windows\WinSxS\amd64_microsoft.windows.common-controls_6595b64144ccf1df_6.0.19041.6456_none_60b8a6cb71f64256;C:\Program Files\Java\jdk-17\bin\server

VM Arguments:
java_command: <unknown>
java_class_path (initial): <not set>
Launcher Type: SUN_STANDARD

[Global flags]
     intx CICompilerCount                          = 3                                         {product} {ergonomic}
     uint ConcGCThreads                            = 2                                         {product} {ergonomic}
     uint G1ConcRefinementThreads                  = 6                                         {product} {ergonomic}
   size_t G1HeapRegionSize                         = 2097152                                   {product} {ergonomic}
    uintx GCDrainStackTargetSize                   = 64                                        {product} {ergonomic}
   size_t InitialHeapSize                          = 268435456                                 {product} {ergonomic}
   size_t MarkStackSize                            = 4194304                                   {product} {ergonomic}
   size_t MaxHeapSize                              = 4278190080                                {product} {ergonomic}
   size_t MinHeapDeltaBytes                        = 2097152                                   {product} {ergonomic}
   size_t MinHeapSize                              = 8388608                                   {product} {ergonomic}
    uintx NonNMethodCodeHeapSize                   = 5832780                                {pd product} {ergonomic}
    uintx NonProfiledCodeHeapSize                  = 122912730                              {pd product} {ergonomic}
    uintx ProfiledCodeHeapSize                     = 122912730                              {pd product} {ergonomic}
    uintx ReservedCodeCacheSize                    = 251658240                              {pd product} {ergonomic}
     bool SegmentedCodeCache                       = true                                      {product} {ergonomic}
   size_t SoftMaxHeapSize                          = 4278190080                             {manageable} {ergonomic}
     bool UseCompressedClassPointers               = true                           {product lp64_product} {ergonomic}
     bool UseCompressedOops                        = true                           {product lp64_product} {ergonomic}
     bool UseG1GC                                  = true                                      {product} {ergonomic}
     bool UseLargePagesIndividualAllocation        = false                                  {pd product} {ergonomic}

Logging:
Log output configuration:
 #0: stdout all=warning uptime,level,tags
 #1: stderr all=off uptime,level,tags

Environment Variables:
JAVA_HOME=C:\Program Files\Java\jdk-11
PATH=C:\Python313\Scripts\;C:\Python313\;C:\Program Files\Common Files\Oracle\Java\javapath;C:\Program Files (x86)\Common Files\Oracle\Java\java8path;C:\Program Files (x86)\Common Files\Oracle\Java\javapath;C:\Windows\system32;C:\Windows;C:\Windows\System32\Wbem;C:\Windows\System32\WindowsPowerShell\v1.0\;C:\Windows\System32\OpenSSH\;C:\Windows\system32\downlevel;C:\Program Files\Git\cmd;C:\maven\apache-maven-3.6.3\bin;C:\Program Files (x86)\Groovy\bin;C:\Program Files\nodejs\;C:\ProgramData\chocolatey\bin;C:\Program Files (x86)\NetSarang\Xftp 8\;C:\Program Files (x86)\NetSarang\Xshell 8\;C:\Users\iSart\.local\bin;;C:\Program Files (x86)\NVIDIA Corporation\PhysX\Common;C:\Program Files\NVIDIA Corporation\NVIDIA NvDLISR;C:\Windows\dll;;C:\Program Files\python;C:\Program Files\python\Scripts;;C:\BtSoft\panel\script;D:\cursor\resources\app\bin;C:\Users\iSart\.local\bin;C:\Users\iSart\AppData\Local\Programs\Python\Python312\Scripts\;C:\Users\iSart\AppData\Local\Programs\Python\Python312\;C:\Users\iSart\AppData\Local\Microsoft\WindowsApps;C:\Program Files\JetBrains\IntelliJ IDEA 2024.2.3\bin;;C:\Program Files\JetBrains\PyCharm Community Edition 2025.1\bin;;C:\Users\iSart\AppData\Local\Programs\Microsoft VS Code\bin;C:\Users\iSart\AppData\Roaming\npm;C:\Users\iSart\AppData\Local\Programs\cursor\resources\app\bin;d:\Trae\resources\app\bin\lib;C:\Users\iSart\.trae\tools\maven\latest\bin;C:\Users\iSart\.trae\tools\gradle\latest\bin
USERNAME=iSart
OS=Windows_NT
PROCESSOR_IDENTIFIER=Intel64 Family 6 Model 158 Stepping 10, GenuineIntel



---------------  S Y S T E M  ---------------

OS:
 Windows 10 , 64 bit Build 19041 (10.0.19041.5915)
OS uptime: 5 days 2:32 hours

CPU: total 6 (initial active 6) (6 cores per cpu, 1 threads per core) family 6 model 158 stepping 10 microcode 0xb4, cx8, cmov, fxsr, mmx, 3dnowpref, sse, sse2, sse3, ssse3, sse4.1, sse4.2, popcnt, lzcnt, tsc, tscinvbit, avx, avx2, aes, erms, clmul, bmi1, bmi2, adx, fma, vzeroupper, clflush, clflushopt

Memory: 4k page, system-wide physical 16319M (4432M free)
TotalPageFile size 44822M (AvailPageFile size 222M)
current process WorkingSet (physical memory assigned to process): 11M, peak: 11M
current process commit charge ("private bytes"): 56M, peak: 312M

vm_info: Java HotSpot(TM) 64-Bit Server VM (17.0.15+9-LTS-241) for windows-amd64 JRE (17.0.15+9-LTS-241), built on Feb 20 2025 10:49:54 by "mach5one" with MS VC++ 17.6 (VS2022)

END.
