#
# There is insufficient memory for the Java Runtime Environment to continue.
# Native memory allocation (malloc) failed to allocate 623536 bytes. Error detail: Chunk::new
# Possible reasons:
#   The system is out of physical RAM or swap space
#   This process is running with CompressedOops enabled, and the Java Heap may be blocking the growth of the native heap
# Possible solutions:
#   Reduce memory load on the system
#   Increase physical memory or swap space
#   Check if swap backing store is full
#   Decrease Java heap size (-Xmx/-Xms)
#   Decrease number of Java threads
#   Decrease Java thread stack sizes (-Xss)
#   Set larger code cache with -XX:ReservedCodeCacheSize=
#   JVM is running with Unscaled Compressed Oops mode in which the Java heap is
#     placed in the first 4GB address space. The Java Heap base address is the
#     maximum limit for the native heap growth. Please use -XX:HeapBaseMinAddress
#     to set the Java Heap base and to place the Java Heap above 4GB virtual address.
# This output file may be truncated or incomplete.
#
#  Out of Memory Error (arena.cpp:168), pid=19316, tid=35472
#
# JRE version: OpenJDK Runtime Environment Temurin-21.0.8+9 (21.0.8+9) (build 21.0.8+9-LTS)
# Java VM: OpenJDK 64-Bit Server VM Temurin-21.0.8+9 (21.0.8+9-LTS, mixed mode, sharing, tiered, compressed oops, compressed class ptrs, parallel gc, windows-amd64)
# No core dump will be written. Minidumps are not enabled by default on client versions of Windows
#

---------------  S U M M A R Y ------------

Command Line: --add-modules=ALL-SYSTEM --add-opens=java.base/java.util=ALL-UNNAMED --add-opens=java.base/java.lang=ALL-UNNAMED --add-opens=java.base/sun.nio.fs=ALL-UNNAMED -Declipse.application=org.eclipse.jdt.ls.core.id1 -Dosgi.bundles.defaultStartLevel=4 -Declipse.product=org.eclipse.jdt.ls.core.product -Djava.import.generatesMetadataFilesAtProjectRoot=false -DDetectVMInstallationsJob.disabled=true -Dfile.encoding=utf8 -XX:+UseParallelGC -XX:GCTimeRatio=4 -XX:AdaptiveSizePolicyWeight=90 -Dsun.zip.disableMemoryMapping=true -Xmx2G -Xms100m -Xlog:disable -javaagent:c:\Users\iSart\.trae\extensions\redhat.java-1.47.0-win32-x64\lombok\lombok-1.18.39-4050.jar -XX:+HeapDumpOnOutOfMemoryError -XX:HeapDumpPath=c:\Users\iSart\AppData\Roaming\Trae\User\workspaceStorage\605016848a834900dc777012ce20dd0a\redhat.java -Daether.dependencyCollector.impl=bf c:\Users\iSart\.trae\extensions\redhat.java-1.47.0-win32-x64\server\plugins\org.eclipse.equinox.launcher_1.7.100.v20251014-1222.jar -configuration c:\Users\iSart\AppData\Roaming\Trae\User\globalStorage\redhat.java\1.47.0\config_win -data c:\Users\iSart\AppData\Roaming\Trae\User\workspaceStorage\605016848a834900dc777012ce20dd0a\redhat.java\jdt_ws --pipe=\\.\pipe\lsp-2e1161243e6b0321578134f973ffd488-sock

Host: Intel(R) Core(TM) i5-9400 CPU @ 2.90GHz, 6 cores, 15G,  Windows 10 , 64 bit Build 19041 (10.0.19041.5915)
Time: Tue Nov  4 15:00:20 2025 elapsed time: 6.092569 seconds (0d 0h 0m 6s)

---------------  T H R E A D  ---------------

Current thread (0x00000218c6a6bd80):  JavaThread "C2 CompilerThread0" daemon [_thread_in_native, id=35472, stack(0x000000d2df400000,0x000000d2df500000) (1024K)]


Current CompileTask:
C2:6092 3511       4       java.lang.invoke.MethodType::makeImpl (109 bytes)

Stack: [0x000000d2df400000,0x000000d2df500000]
Native frames: (J=compiled Java code, j=interpreted, Vv=VM code, C=native code)
V  [jvm.dll+0x6d2449]
V  [jvm.dll+0x8ae341]
V  [jvm.dll+0x8b08be]
V  [jvm.dll+0x8b0fa3]
V  [jvm.dll+0x280c96]
V  [jvm.dll+0xc581d]
V  [jvm.dll+0xc5d53]
V  [jvm.dll+0x2f539d]
V  [jvm.dll+0x5fa00a]
V  [jvm.dll+0x252092]
V  [jvm.dll+0x24a56e]
V  [jvm.dll+0x2483a4]
V  [jvm.dll+0x1c89ee]
V  [jvm.dll+0x257d4d]
V  [jvm.dll+0x2562ea]
V  [jvm.dll+0x3f2d16]
V  [jvm.dll+0x857e6b]
V  [jvm.dll+0x6d0b0d]
C  [ucrtbase.dll+0x21bb2]
C  [KERNEL32.DLL+0x17374]
C  [ntdll.dll+0x4cc91]


---------------  P R O C E S S  ---------------

Threads class SMR info:
_java_thread_list=0x000002190e148c50, length=21, elements={
0x00000218ade56df0, 0x00000218c6a5f820, 0x00000218c6a60d60, 0x00000218c6a64c40,
0x00000218c6a65890, 0x00000218c6a664e0, 0x00000218c6a6af50, 0x00000218c6a6bd80,
0x00000218c6a8b620, 0x000002190d0588c0, 0x000002190d2a9910, 0x000002190d920190,
0x000002190dba8fe0, 0x000002190d9a8f80, 0x000002190dc5c410, 0x000002190df7a680,
0x000002190e2e8a80, 0x000002190e0f4e90, 0x000002190e0f2730, 0x000002190e0f3450,
0x00000218c6aedc20
}

Java Threads: ( => current thread )
  0x00000218ade56df0 JavaThread "main"                              [_thread_blocked, id=23876, stack(0x000000d2dea00000,0x000000d2deb00000) (1024K)]
  0x00000218c6a5f820 JavaThread "Reference Handler"          daemon [_thread_blocked, id=34204, stack(0x000000d2dee00000,0x000000d2def00000) (1024K)]
  0x00000218c6a60d60 JavaThread "Finalizer"                  daemon [_thread_blocked, id=33736, stack(0x000000d2def00000,0x000000d2df000000) (1024K)]
  0x00000218c6a64c40 JavaThread "Signal Dispatcher"          daemon [_thread_blocked, id=30272, stack(0x000000d2df000000,0x000000d2df100000) (1024K)]
  0x00000218c6a65890 JavaThread "Attach Listener"            daemon [_thread_blocked, id=19848, stack(0x000000d2df100000,0x000000d2df200000) (1024K)]
  0x00000218c6a664e0 JavaThread "Service Thread"             daemon [_thread_blocked, id=36132, stack(0x000000d2df200000,0x000000d2df300000) (1024K)]
  0x00000218c6a6af50 JavaThread "Monitor Deflation Thread"   daemon [_thread_blocked, id=35500, stack(0x000000d2df300000,0x000000d2df400000) (1024K)]
=>0x00000218c6a6bd80 JavaThread "C2 CompilerThread0"         daemon [_thread_in_native, id=35472, stack(0x000000d2df400000,0x000000d2df500000) (1024K)]
  0x00000218c6a8b620 JavaThread "C1 CompilerThread0"         daemon [_thread_blocked, id=33272, stack(0x000000d2df500000,0x000000d2df600000) (1024K)]
  0x000002190d0588c0 JavaThread "Common-Cleaner"             daemon [_thread_blocked, id=29308, stack(0x000000d2df600000,0x000000d2df700000) (1024K)]
  0x000002190d2a9910 JavaThread "Notification Thread"        daemon [_thread_blocked, id=36988, stack(0x000000d2df700000,0x000000d2df800000) (1024K)]
  0x000002190d920190 JavaThread "Active Thread: Equinox Container: 965dc6e3-0f1f-44f9-b889-1d44a7511cc6"        [_thread_blocked, id=39696, stack(0x000000d2dfe00000,0x000000d2dff00000) (1024K)]
  0x000002190dba8fe0 JavaThread "Refresh Thread: Equinox Container: 965dc6e3-0f1f-44f9-b889-1d44a7511cc6" daemon [_thread_blocked, id=1748, stack(0x000000d2dff00000,0x000000d2e0000000) (1024K)]
  0x000002190d9a8f80 JavaThread "Framework Event Dispatcher: Equinox Container: 965dc6e3-0f1f-44f9-b889-1d44a7511cc6" daemon [_thread_blocked, id=36396, stack(0x000000d2e0000000,0x000000d2e0100000) (1024K)]
  0x000002190dc5c410 JavaThread "Start Level: Equinox Container: 965dc6e3-0f1f-44f9-b889-1d44a7511cc6" daemon [_thread_in_Java, id=23232, stack(0x000000d2e0100000,0x000000d2e0200000) (1024K)]
  0x000002190df7a680 JavaThread "Bundle File Closer"         daemon [_thread_blocked, id=39028, stack(0x000000d2e0200000,0x000000d2e0300000) (1024K)]
  0x000002190e2e8a80 JavaThread "SCR Component Actor"        daemon [_thread_blocked, id=5848, stack(0x000000d2df800000,0x000000d2df900000) (1024K)]
  0x000002190e0f4e90 JavaThread "Worker-JM"                         [_thread_blocked, id=39772, stack(0x000000d2e0400000,0x000000d2e0500000) (1024K)]
  0x000002190e0f2730 JavaThread "Worker-0"                          [_thread_blocked, id=29156, stack(0x000000d2e0300000,0x000000d2e0400000) (1024K)]
  0x000002190e0f3450 JavaThread "Worker-1"                          [_thread_blocked, id=35956, stack(0x000000d2e0500000,0x000000d2e0600000) (1024K)]
  0x00000218c6aedc20 JavaThread "C2 CompilerThread1"         daemon [_thread_blocked, id=21948, stack(0x000000d2e0600000,0x000000d2e0700000) (1024K)]
Total: 21

Other Threads:
  0x00000218c6a50960 VMThread "VM Thread"                           [id=29928, stack(0x000000d2ded00000,0x000000d2dee00000) (1024K)]
  0x00000218b00b0af0 WatcherThread "VM Periodic Task Thread"        [id=25136, stack(0x000000d2dec00000,0x000000d2ded00000) (1024K)]
  0x00000218b0064c00 WorkerThread "GC Thread#0"                     [id=33292, stack(0x000000d2deb00000,0x000000d2dec00000) (1024K)]
  0x000002190d63a130 WorkerThread "GC Thread#1"                     [id=22508, stack(0x000000d2df900000,0x000000d2dfa00000) (1024K)]
  0x000002190d63a4d0 WorkerThread "GC Thread#2"                     [id=32032, stack(0x000000d2dfa00000,0x000000d2dfb00000) (1024K)]
  0x000002190d63a870 WorkerThread "GC Thread#3"                     [id=37020, stack(0x000000d2dfb00000,0x000000d2dfc00000) (1024K)]
  0x000002190d63ac10 WorkerThread "GC Thread#4"                     [id=22520, stack(0x000000d2dfc00000,0x000000d2dfd00000) (1024K)]
  0x000002190d6e8fd0 WorkerThread "GC Thread#5"                     [id=23916, stack(0x000000d2dfd00000,0x000000d2dfe00000) (1024K)]
Total: 8

Threads with active compile tasks:
C2 CompilerThread0  6112 3511       4       java.lang.invoke.MethodType::makeImpl (109 bytes)
Total: 1

VM state: not at safepoint (normal execution)

VM Mutex/Monitor currently owned by a thread: None

OutOfMemory and StackOverflow Exception counts:
OutOfMemoryError java_heap_errors=1
LinkageErrors=53

Heap address: 0x0000000080000000, size: 2048 MB, Compressed Oops mode: 32-bit

CDS archive(s) mapped at: [0x00000218c7000000-0x00000218c7ba0000-0x00000218c7ba0000), size 12189696, SharedBaseAddress: 0x00000218c7000000, ArchiveRelocationMode: 1.
Compressed class space mapped at: 0x00000218c8000000-0x0000021908000000, reserved size: 1073741824
Narrow klass base: 0x00000218c7000000, Narrow klass shift: 0, Narrow klass range: 0x100000000

GC Precious Log:
 CardTable entry size: 512
 CPUs: 6 total, 6 available
 Memory: 16319M
 Large Page Support: Disabled
 NUMA Support: Disabled
 Compressed Oops: Enabled (32-bit)
 Alignments: Space 512K, Generation 512K, Heap 2M
 Heap Min Capacity: 100M
 Heap Initial Capacity: 100M
 Heap Max Capacity: 2G
 Pre-touch: Disabled
 Parallel Workers: 6

Heap:
 PSYoungGen      total 29184K, used 11506K [0x00000000d5580000, 0x00000000d7880000, 0x0000000100000000)
  eden space 24576K, 28% used [0x00000000d5580000,0x00000000d5c4f2a0,0x00000000d6d80000)
  from space 4608K, 98% used [0x00000000d7400000,0x00000000d786d608,0x00000000d7880000)
  to   space 5120K, 0% used [0x00000000d6e80000,0x00000000d6e80000,0x00000000d7380000)
 ParOldGen       total 68608K, used 8256K [0x0000000080000000, 0x0000000084300000, 0x00000000d5580000)
  object space 68608K, 12% used [0x0000000080000000,0x0000000080810280,0x0000000084300000)
 Metaspace       used 19425K, committed 20224K, reserved 1114112K
  class space    used 2051K, committed 2368K, reserved 1048576K

Card table byte_map: [0x00000218af9f0000,0x00000218afe00000] _byte_map_base: 0x00000218af5f0000

Marking Bits: (ParMarkBitMap*) 0x00007ffd51e8a340
 Begin Bits: [0x00000218c24f0000, 0x00000218c44f0000)
 End Bits:   [0x00000218c44f0000, 0x00000218c64f0000)

Polling page: 0x00000218adfc0000

Metaspace:

Usage:
  Non-class:     16.97 MB used.
      Class:      2.00 MB used.
       Both:     18.97 MB used.

Virtual space:
  Non-class space:       64.00 MB reserved,      17.44 MB ( 27%) committed,  1 nodes.
      Class space:        1.00 GB reserved,       2.31 MB ( <1%) committed,  1 nodes.
             Both:        1.06 GB reserved,      19.75 MB (  2%) committed. 

Chunk freelists:
   Non-Class:  14.18 MB
       Class:  13.52 MB
        Both:  27.71 MB

MaxMetaspaceSize: unlimited
CompressedClassSpaceSize: 1.00 GB
Initial GC threshold: 21.00 MB
Current GC threshold: 21.00 MB
CDS: on
 - commit_granule_bytes: 65536.
 - commit_granule_words: 8192.
 - virtual_space_node_default_size: 8388608.
 - enlarge_chunks_in_place: 1.
 - use_allocation_guard: 0.


Internal statistics:

num_allocs_failed_limit: 0.
num_arena_births: 546.
num_arena_deaths: 0.
num_vsnodes_births: 2.
num_vsnodes_deaths: 0.
num_space_committed: 316.
num_space_uncommitted: 0.
num_chunks_returned_to_freelist: 0.
num_chunks_taken_from_freelist: 1288.
num_chunk_merges: 0.
num_chunk_splits: 815.
num_chunks_enlarged: 528.
num_inconsistent_stats: 0.

CodeHeap 'non-profiled nmethods': size=120000Kb used=1563Kb max_used=1563Kb free=118436Kb
 bounds [0x00000218bad10000, 0x00000218baf80000, 0x00000218c2240000]
CodeHeap 'profiled nmethods': size=120000Kb used=7308Kb max_used=7308Kb free=112691Kb
 bounds [0x00000218b3240000, 0x00000218b3970000, 0x00000218ba770000]
CodeHeap 'non-nmethods': size=5760Kb used=1278Kb max_used=1305Kb free=4481Kb
 bounds [0x00000218ba770000, 0x00000218ba9e0000, 0x00000218bad10000]
CodeCache: size=245760Kb, used=10149Kb, max_used=10176Kb, free=235608Kb
 total_blobs=4136, nmethods=3578, adapters=464, full_count=0
Compilation: enabled, stopped_count=0, restarted_count=0

Compilation events (20 events):
Event: 6.065 Thread 0x00000218c6a8b620 nmethod 3553 0x00000218b3955390 code [0x00000218b3955580, 0x00000218b39559b8]
Event: 6.065 Thread 0x00000218c6a8b620 3554       3       java.io.PrintWriter::print (9 bytes)
Event: 6.065 Thread 0x00000218c6a8b620 nmethod 3554 0x00000218b3955b10 code [0x00000218b3955d00, 0x00000218b39560f0]
Event: 6.065 Thread 0x00000218c6a8b620 3555   !   3       java.io.PrintWriter::implWrite (36 bytes)
Event: 6.065 Thread 0x00000218c6a8b620 nmethod 3555 0x00000218b3956310 code [0x00000218b3956520, 0x00000218b3956a40]
Event: 6.065 Thread 0x00000218c6a8b620 3556       3       java.io.StringWriter::write (14 bytes)
Event: 6.066 Thread 0x00000218c6a8b620 nmethod 3556 0x00000218b3956d10 code [0x00000218b3956ec0, 0x00000218b3957180]
Event: 6.066 Thread 0x00000218c6a8b620 3557       3       java.io.PrintWriter::println (5 bytes)
Event: 6.066 Thread 0x00000218c6a8b620 nmethod 3557 0x00000218b3957290 code [0x00000218b3957440, 0x00000218b3957578]
Event: 6.066 Thread 0x00000218c6a8b620 3558   !   3       java.io.PrintWriter::newLine (63 bytes)
Event: 6.066 Thread 0x00000218c6a8b620 nmethod 3558 0x00000218b3957610 code [0x00000218b39578c0, 0x00000218b39586f8]
Event: 6.066 Thread 0x00000218c6a8b620 3559   !   3       java.io.PrintWriter::implNewLine (48 bytes)
Event: 6.066 Thread 0x00000218c6a8b620 nmethod 3559 0x00000218b3958b90 code [0x00000218b3958dc0, 0x00000218b3959400]
Event: 6.066 Thread 0x00000218c6a8b620 3560       3       java.io.StringWriter::write (10 bytes)
Event: 6.067 Thread 0x00000218c6a8b620 nmethod 3560 0x00000218b3959710 code [0x00000218b39598c0, 0x00000218b3959b70]
Event: 6.067 Thread 0x00000218c6a8b620 3561       3       java.lang.StackTraceElement::toString (298 bytes)
Event: 6.068 Thread 0x00000218c6a8b620 nmethod 3561 0x00000218b3959c90 code [0x00000218b395a140, 0x00000218b395c078]
Event: 6.068 Thread 0x00000218c6a8b620 3562   !   3       java.io.PrintWriter::println (87 bytes)
Event: 6.069 Thread 0x00000218c6a8b620 nmethod 3562 0x00000218b395cc10 code [0x00000218b395cfa0, 0x00000218b395e7c0]
Event: 6.069 Thread 0x00000218c6a8b620 3563   !   3       java.io.PrintWriter::write (82 bytes)

GC Heap History (12 events):
Event: 1.202 GC heap before
{Heap before GC invocations=1 (full 0):
 PSYoungGen      total 29696K, used 25600K [0x00000000d5580000, 0x00000000d7680000, 0x0000000100000000)
  eden space 25600K, 100% used [0x00000000d5580000,0x00000000d6e80000,0x00000000d6e80000)
  from space 4096K, 0% used [0x00000000d7280000,0x00000000d7280000,0x00000000d7680000)
  to   space 4096K, 0% used [0x00000000d6e80000,0x00000000d6e80000,0x00000000d7280000)
 ParOldGen       total 68608K, used 0K [0x0000000080000000, 0x0000000084300000, 0x00000000d5580000)
  object space 68608K, 0% used [0x0000000080000000,0x0000000080000000,0x0000000084300000)
 Metaspace       used 4341K, committed 4608K, reserved 1114112K
  class space    used 475K, committed 576K, reserved 1048576K
}
Event: 1.221 GC heap after
{Heap after GC invocations=1 (full 0):
 PSYoungGen      total 29696K, used 3423K [0x00000000d5580000, 0x00000000d7680000, 0x0000000100000000)
  eden space 25600K, 0% used [0x00000000d5580000,0x00000000d5580000,0x00000000d6e80000)
  from space 4096K, 83% used [0x00000000d6e80000,0x00000000d71d7ea8,0x00000000d7280000)
  to   space 4096K, 0% used [0x00000000d7280000,0x00000000d7280000,0x00000000d7680000)
 ParOldGen       total 68608K, used 0K [0x0000000080000000, 0x0000000084300000, 0x00000000d5580000)
  object space 68608K, 0% used [0x0000000080000000,0x0000000080000000,0x0000000084300000)
 Metaspace       used 4341K, committed 4608K, reserved 1114112K
  class space    used 475K, committed 576K, reserved 1048576K
}
Event: 2.207 GC heap before
{Heap before GC invocations=2 (full 0):
 PSYoungGen      total 29696K, used 29023K [0x00000000d5580000, 0x00000000d7680000, 0x0000000100000000)
  eden space 25600K, 100% used [0x00000000d5580000,0x00000000d6e80000,0x00000000d6e80000)
  from space 4096K, 83% used [0x00000000d6e80000,0x00000000d71d7ea8,0x00000000d7280000)
  to   space 4096K, 0% used [0x00000000d7280000,0x00000000d7280000,0x00000000d7680000)
 ParOldGen       total 68608K, used 0K [0x0000000080000000, 0x0000000084300000, 0x00000000d5580000)
  object space 68608K, 0% used [0x0000000080000000,0x0000000080000000,0x0000000084300000)
 Metaspace       used 8035K, committed 8320K, reserved 1114112K
  class space    used 845K, committed 960K, reserved 1048576K
}
Event: 2.212 GC heap after
{Heap after GC invocations=2 (full 0):
 PSYoungGen      total 29696K, used 4094K [0x00000000d5580000, 0x00000000d7680000, 0x0000000100000000)
  eden space 25600K, 0% used [0x00000000d5580000,0x00000000d5580000,0x00000000d6e80000)
  from space 4096K, 99% used [0x00000000d7280000,0x00000000d767f810,0x00000000d7680000)
  to   space 4096K, 0% used [0x00000000d6e80000,0x00000000d6e80000,0x00000000d7280000)
 ParOldGen       total 68608K, used 1807K [0x0000000080000000, 0x0000000084300000, 0x00000000d5580000)
  object space 68608K, 2% used [0x0000000080000000,0x00000000801c3eb8,0x0000000084300000)
 Metaspace       used 8035K, committed 8320K, reserved 1114112K
  class space    used 845K, committed 960K, reserved 1048576K
}
Event: 2.620 GC heap before
{Heap before GC invocations=3 (full 0):
 PSYoungGen      total 29696K, used 29694K [0x00000000d5580000, 0x00000000d7680000, 0x0000000100000000)
  eden space 25600K, 100% used [0x00000000d5580000,0x00000000d6e80000,0x00000000d6e80000)
  from space 4096K, 99% used [0x00000000d7280000,0x00000000d767f810,0x00000000d7680000)
  to   space 4096K, 0% used [0x00000000d6e80000,0x00000000d6e80000,0x00000000d7280000)
 ParOldGen       total 68608K, used 1807K [0x0000000080000000, 0x0000000084300000, 0x00000000d5580000)
  object space 68608K, 2% used [0x0000000080000000,0x00000000801c3eb8,0x0000000084300000)
 Metaspace       used 9460K, committed 9792K, reserved 1114112K
  class space    used 1011K, committed 1152K, reserved 1048576K
}
Event: 2.628 GC heap after
{Heap after GC invocations=3 (full 0):
 PSYoungGen      total 29696K, used 4070K [0x00000000d5580000, 0x00000000d7680000, 0x0000000100000000)
  eden space 25600K, 0% used [0x00000000d5580000,0x00000000d5580000,0x00000000d6e80000)
  from space 4096K, 99% used [0x00000000d6e80000,0x00000000d72799e0,0x00000000d7280000)
  to   space 4096K, 0% used [0x00000000d7280000,0x00000000d7280000,0x00000000d7680000)
 ParOldGen       total 68608K, used 4734K [0x0000000080000000, 0x0000000084300000, 0x00000000d5580000)
  object space 68608K, 6% used [0x0000000080000000,0x000000008049fb58,0x0000000084300000)
 Metaspace       used 9460K, committed 9792K, reserved 1114112K
  class space    used 1011K, committed 1152K, reserved 1048576K
}
Event: 3.772 GC heap before
{Heap before GC invocations=4 (full 0):
 PSYoungGen      total 29696K, used 29670K [0x00000000d5580000, 0x00000000d7680000, 0x0000000100000000)
  eden space 25600K, 100% used [0x00000000d5580000,0x00000000d6e80000,0x00000000d6e80000)
  from space 4096K, 99% used [0x00000000d6e80000,0x00000000d72799e0,0x00000000d7280000)
  to   space 4096K, 0% used [0x00000000d7280000,0x00000000d7280000,0x00000000d7680000)
 ParOldGen       total 68608K, used 4734K [0x0000000080000000, 0x0000000084300000, 0x00000000d5580000)
  object space 68608K, 6% used [0x0000000080000000,0x000000008049fb58,0x0000000084300000)
 Metaspace       used 12169K, committed 12544K, reserved 1114112K
  class space    used 1301K, committed 1472K, reserved 1048576K
}
Event: 3.779 GC heap after
{Heap after GC invocations=4 (full 0):
 PSYoungGen      total 29696K, used 4071K [0x00000000d5580000, 0x00000000d7680000, 0x0000000100000000)
  eden space 25600K, 0% used [0x00000000d5580000,0x00000000d5580000,0x00000000d6e80000)
  from space 4096K, 99% used [0x00000000d7280000,0x00000000d7679e70,0x00000000d7680000)
  to   space 4096K, 0% used [0x00000000d6e80000,0x00000000d6e80000,0x00000000d7280000)
 ParOldGen       total 68608K, used 6374K [0x0000000080000000, 0x0000000084300000, 0x00000000d5580000)
  object space 68608K, 9% used [0x0000000080000000,0x0000000080639850,0x0000000084300000)
 Metaspace       used 12169K, committed 12544K, reserved 1114112K
  class space    used 1301K, committed 1472K, reserved 1048576K
}
Event: 5.356 GC heap before
{Heap before GC invocations=5 (full 0):
 PSYoungGen      total 29696K, used 29671K [0x00000000d5580000, 0x00000000d7680000, 0x0000000100000000)
  eden space 25600K, 100% used [0x00000000d5580000,0x00000000d6e80000,0x00000000d6e80000)
  from space 4096K, 99% used [0x00000000d7280000,0x00000000d7679e70,0x00000000d7680000)
  to   space 4096K, 0% used [0x00000000d6e80000,0x00000000d6e80000,0x00000000d7280000)
 ParOldGen       total 68608K, used 6374K [0x0000000080000000, 0x0000000084300000, 0x00000000d5580000)
  object space 68608K, 9% used [0x0000000080000000,0x0000000080639850,0x0000000084300000)
 Metaspace       used 16075K, committed 16640K, reserved 1114112K
  class space    used 1678K, committed 1920K, reserved 1048576K
}
Event: 5.364 GC heap after
{Heap after GC invocations=5 (full 0):
 PSYoungGen      total 29184K, used 4066K [0x00000000d5580000, 0x00000000d7a00000, 0x0000000100000000)
  eden space 25088K, 0% used [0x00000000d5580000,0x00000000d5580000,0x00000000d6e00000)
  from space 4096K, 99% used [0x00000000d6e80000,0x00000000d7278b88,0x00000000d7280000)
  to   space 6144K, 0% used [0x00000000d7400000,0x00000000d7400000,0x00000000d7a00000)
 ParOldGen       total 68608K, used 8248K [0x0000000080000000, 0x0000000084300000, 0x00000000d5580000)
  object space 68608K, 12% used [0x0000000080000000,0x000000008080e280,0x0000000084300000)
 Metaspace       used 16075K, committed 16640K, reserved 1114112K
  class space    used 1678K, committed 1920K, reserved 1048576K
}
Event: 5.854 GC heap before
{Heap before GC invocations=6 (full 0):
 PSYoungGen      total 29184K, used 29154K [0x00000000d5580000, 0x00000000d7a00000, 0x0000000100000000)
  eden space 25088K, 100% used [0x00000000d5580000,0x00000000d6e00000,0x00000000d6e00000)
  from space 4096K, 99% used [0x00000000d6e80000,0x00000000d7278b88,0x00000000d7280000)
  to   space 6144K, 0% used [0x00000000d7400000,0x00000000d7400000,0x00000000d7a00000)
 ParOldGen       total 68608K, used 8248K [0x0000000080000000, 0x0000000084300000, 0x00000000d5580000)
  object space 68608K, 12% used [0x0000000080000000,0x000000008080e280,0x0000000084300000)
 Metaspace       used 18663K, committed 19456K, reserved 1114112K
  class space    used 1981K, committed 2304K, reserved 1048576K
}
Event: 5.872 GC heap after
{Heap after GC invocations=6 (full 0):
 PSYoungGen      total 29184K, used 4533K [0x00000000d5580000, 0x00000000d7880000, 0x0000000100000000)
  eden space 24576K, 0% used [0x00000000d5580000,0x00000000d5580000,0x00000000d6d80000)
  from space 4608K, 98% used [0x00000000d7400000,0x00000000d786d608,0x00000000d7880000)
  to   space 5120K, 0% used [0x00000000d6e80000,0x00000000d6e80000,0x00000000d7380000)
 ParOldGen       total 68608K, used 8256K [0x0000000080000000, 0x0000000084300000, 0x00000000d5580000)
  object space 68608K, 12% used [0x0000000080000000,0x0000000080810280,0x0000000084300000)
 Metaspace       used 18663K, committed 19456K, reserved 1114112K
  class space    used 1981K, committed 2304K, reserved 1048576K
}

Dll operation events (11 events):
Event: 0.077 Loaded shared library c:\Users\iSart\.trae\extensions\redhat.java-1.47.0-win32-x64\jre\21.0.8-win32-x86_64\bin\java.dll
Event: 0.275 Loaded shared library c:\Users\iSart\.trae\extensions\redhat.java-1.47.0-win32-x64\jre\21.0.8-win32-x86_64\bin\zip.dll
Event: 0.349 Loaded shared library C:\Users\iSart\.trae\extensions\redhat.java-1.47.0-win32-x64\jre\21.0.8-win32-x86_64\bin\instrument.dll
Event: 0.355 Loaded shared library C:\Users\iSart\.trae\extensions\redhat.java-1.47.0-win32-x64\jre\21.0.8-win32-x86_64\bin\net.dll
Event: 0.357 Loaded shared library C:\Users\iSart\.trae\extensions\redhat.java-1.47.0-win32-x64\jre\21.0.8-win32-x86_64\bin\nio.dll
Event: 0.363 Loaded shared library C:\Users\iSart\.trae\extensions\redhat.java-1.47.0-win32-x64\jre\21.0.8-win32-x86_64\bin\zip.dll
Event: 0.394 Loaded shared library C:\Users\iSart\.trae\extensions\redhat.java-1.47.0-win32-x64\jre\21.0.8-win32-x86_64\bin\jimage.dll
Event: 0.516 Loaded shared library c:\Users\iSart\.trae\extensions\redhat.java-1.47.0-win32-x64\jre\21.0.8-win32-x86_64\bin\verify.dll
Event: 2.204 Loaded shared library C:\Users\iSart\AppData\Roaming\Trae\User\globalStorage\redhat.java\1.47.0\config_win\org.eclipse.equinox.launcher\org.eclipse.equinox.launcher.win32.win32.x86_64_1.2.1400.v20250801-0854\eclipse_11916.dll
Event: 5.079 Loaded shared library C:\Users\iSart\.trae\extensions\redhat.java-1.47.0-win32-x64\jre\21.0.8-win32-x86_64\bin\management.dll
Event: 5.087 Loaded shared library C:\Users\iSart\.trae\extensions\redhat.java-1.47.0-win32-x64\jre\21.0.8-win32-x86_64\bin\management_ext.dll

Deoptimization events (20 events):
Event: 5.399 Thread 0x000002190dc5c410 Uncommon trap: trap_request=0xffffff45 fr.pc=0x00000218bae27814 relative=0x0000000000000074
Event: 5.399 Thread 0x000002190dc5c410 Uncommon trap: reason=unstable_if action=reinterpret pc=0x00000218bae27814 method=java.lang.ref.ReferenceQueue.poll()Ljava/lang/ref/Reference; @ 4 c2
Event: 5.399 Thread 0x000002190dc5c410 DEOPT PACKING pc=0x00000218bae27814 sp=0x000000d2e01f3080
Event: 5.399 Thread 0x000002190dc5c410 DEOPT UNPACKING pc=0x00000218ba7c3aa2 sp=0x000000d2e01f3008 mode 2
Event: 5.533 Thread 0x000002190dc5c410 Uncommon trap: trap_request=0xffffff45 fr.pc=0x00000218bae546c4 relative=0x00000000000000a4
Event: 5.533 Thread 0x000002190dc5c410 Uncommon trap: reason=unstable_if action=reinterpret pc=0x00000218bae546c4 method=java.lang.ref.ReferenceQueue.poll()Ljava/lang/ref/Reference; @ 4 c2
Event: 5.533 Thread 0x000002190dc5c410 DEOPT PACKING pc=0x00000218bae546c4 sp=0x000000d2e01f3980
Event: 5.533 Thread 0x000002190dc5c410 DEOPT UNPACKING pc=0x00000218ba7c3aa2 sp=0x000000d2e01f3868 mode 2
Event: 5.774 Thread 0x000002190dc5c410 Uncommon trap: trap_request=0xffffff45 fr.pc=0x00000218bad39324 relative=0x0000000000000444
Event: 5.774 Thread 0x000002190dc5c410 Uncommon trap: reason=unstable_if action=reinterpret pc=0x00000218bad39324 method=java.lang.StringLatin1.canEncode(I)Z @ 4 c2
Event: 5.774 Thread 0x000002190dc5c410 DEOPT PACKING pc=0x00000218bad39324 sp=0x000000d2e01f2f60
Event: 5.785 Thread 0x000002190dc5c410 DEOPT UNPACKING pc=0x00000218ba7c3aa2 sp=0x000000d2e01f2e98 mode 2
Event: 5.786 Thread 0x000002190dc5c410 Uncommon trap: trap_request=0xffffff45 fr.pc=0x00000218bad37898 relative=0x0000000000000438
Event: 5.786 Thread 0x000002190dc5c410 Uncommon trap: reason=unstable_if action=reinterpret pc=0x00000218bad37898 method=java.lang.AbstractStringBuilder.isLatin1()Z @ 10 c2
Event: 5.786 Thread 0x000002190dc5c410 DEOPT PACKING pc=0x00000218bad37898 sp=0x000000d2e01f2f80
Event: 5.786 Thread 0x000002190dc5c410 DEOPT UNPACKING pc=0x00000218ba7c3aa2 sp=0x000000d2e01f2f10 mode 2
Event: 5.786 Thread 0x000002190dc5c410 Uncommon trap: trap_request=0xffffff45 fr.pc=0x00000218bad3ec68 relative=0x0000000000000048
Event: 5.786 Thread 0x000002190dc5c410 Uncommon trap: reason=unstable_if action=reinterpret pc=0x00000218bad3ec68 method=java.lang.StringLatin1.canEncode(I)Z @ 4 c2
Event: 5.786 Thread 0x000002190dc5c410 DEOPT PACKING pc=0x00000218bad3ec68 sp=0x000000d2e01f2f10
Event: 5.786 Thread 0x000002190dc5c410 DEOPT UNPACKING pc=0x00000218ba7c3aa2 sp=0x000000d2e01f2ea0 mode 2

Classes loaded (20 events):
Event: 5.806 Loading class java/time/format/DateTimeParseException
Event: 5.806 Loading class java/time/DateTimeException
Event: 5.806 Loading class java/time/DateTimeException done
Event: 5.806 Loading class java/time/format/DateTimeParseException done
Event: 5.847 Loading class java/io/InvalidObjectException
Event: 5.847 Loading class java/io/ObjectStreamException
Event: 5.847 Loading class java/io/ObjectStreamException done
Event: 5.847 Loading class java/io/InvalidObjectException done
Event: 5.878 Loading class java/util/concurrent/atomic/AtomicReferenceArray
Event: 5.879 Loading class java/util/concurrent/atomic/AtomicReferenceArray done
Event: 5.879 Loading class java/lang/invoke/VarHandleReferences$Array
Event: 5.879 Loading class java/lang/invoke/VarHandleReferences$Array done
Event: 6.043 Loading class org/w3c/dom/Node
Event: 6.043 Loading class org/w3c/dom/Node done
Event: 6.043 Loading class javax/xml/transform/Result
Event: 6.043 Loading class javax/xml/transform/Result done
Event: 6.043 Loading class javax/xml/transform/Source
Event: 6.043 Loading class javax/xml/transform/Source done
Event: 6.045 Loading class java/util/zip/DataFormatException
Event: 6.045 Loading class java/util/zip/DataFormatException done

Classes unloaded (0 events):
No events

Classes redefined (0 events):
No events

Internal exceptions (20 events):
Event: 5.067 Thread 0x000002190dc5c410 Exception <a 'java/io/FileNotFoundException'{0x00000000d679d7a0}> (0x00000000d679d7a0) 
thrown [s\src\hotspot\share\prims\jni.cpp, line 520]
Event: 5.072 Thread 0x000002190dc5c410 Exception <a 'java/io/FileNotFoundException'{0x00000000d67bba00}> (0x00000000d67bba00) 
thrown [s\src\hotspot\share\prims\jni.cpp, line 520]
Event: 5.073 Thread 0x000002190dc5c410 Exception <a 'java/io/FileNotFoundException'{0x00000000d67c36b0}> (0x00000000d67c36b0) 
thrown [s\src\hotspot\share\prims\jni.cpp, line 520]
Event: 5.237 Thread 0x000002190dc5c410 Exception <a 'java/lang/NoSuchMethodError'{0x00000000d6c58388}: 'java.lang.Object java.lang.invoke.DirectMethodHandle$Holder.newInvokeSpecial(java.lang.Object, java.lang.Object, java.lang.Object, java.lang.Object, java.lang.Object)'> (0x00000000d6c58388) 
thrown [s\src\hotspot\share\interpreter\linkResolver.cpp, line 773]
Event: 5.297 Thread 0x000002190dc5c410 Exception <a 'java/lang/NoSuchMethodError'{0x00000000d6d53c98}: 'java.lang.Object java.lang.invoke.DirectMethodHandle$Holder.invokeSpecial(java.lang.Object, java.lang.Object, java.lang.Object, long, java.lang.Object)'> (0x00000000d6d53c98) 
thrown [s\src\hotspot\share\interpreter\linkResolver.cpp, line 773]
Event: 5.300 Thread 0x000002190dc5c410 Exception <a 'java/lang/NoSuchMethodError'{0x00000000d6d5b4e0}: 'java.lang.Object java.lang.invoke.DirectMethodHandle$Holder.newInvokeSpecial(java.lang.Object, java.lang.Object, java.lang.Object, long)'> (0x00000000d6d5b4e0) 
thrown [s\src\hotspot\share\interpreter\linkResolver.cpp, line 773]
Event: 5.317 Thread 0x000002190dc5c410 Exception <a 'java/lang/NoSuchMethodError'{0x00000000d6d5f810}: 'java.lang.Object java.lang.invoke.DirectMethodHandle$Holder.invokeSpecial(java.lang.Object, java.lang.Object, java.lang.Object, java.lang.Object, long)'> (0x00000000d6d5f810) 
thrown [s\src\hotspot\share\interpreter\linkResolver.cpp, line 773]
Event: 5.318 Thread 0x000002190dc5c410 Exception <a 'java/lang/NoSuchMethodError'{0x00000000d6d63430}: 'java.lang.Object java.lang.invoke.Invokers$Holder.linkToTargetMethod(java.lang.Object, java.lang.Object, long, java.lang.Object)'> (0x00000000d6d63430) 
thrown [s\src\hotspot\share\interpreter\linkResolver.cpp, line 773]
Event: 5.365 Thread 0x000002190dc5c410 Exception <a 'java/lang/IncompatibleClassChangeError'{0x00000000d55835a0}: Found class java.lang.Object, but interface was expected> (0x00000000d55835a0) 
thrown [s\src\hotspot\share\interpreter\linkResolver.cpp, line 840]
Event: 5.369 Thread 0x000002190dc5c410 Exception <a 'java/lang/NoSuchMethodError'{0x00000000d5587048}: 'java.lang.Object java.lang.invoke.DirectMethodHandle$Holder.invokeSpecial(java.lang.Object, java.lang.Object, java.lang.Object, int, java.lang.Object, java.lang.Object)'> (0x00000000d5587048) 
thrown [s\src\hotspot\share\interpreter\linkResolver.cpp, line 773]
Event: 5.371 Thread 0x000002190dc5c410 Exception <a 'java/lang/NoSuchMethodError'{0x00000000d558ea60}: 'java.lang.Object java.lang.invoke.DirectMethodHandle$Holder.newInvokeSpecial(java.lang.Object, java.lang.Object, java.lang.Object, int, java.lang.Object)'> (0x00000000d558ea60) 
thrown [s\src\hotspot\share\interpreter\linkResolver.cpp, line 773]
Event: 5.372 Thread 0x000002190dc5c410 Exception <a 'java/lang/NoSuchMethodError'{0x00000000d5592a20}: 'java.lang.Object java.lang.invoke.DirectMethodHandle$Holder.invokeSpecial(java.lang.Object, java.lang.Object, java.lang.Object, java.lang.Object, int, java.lang.Object)'> (0x00000000d5592a20) 
thrown [s\src\hotspot\share\interpreter\linkResolver.cpp, line 773]
Event: 5.372 Thread 0x000002190dc5c410 Exception <a 'java/lang/NoSuchMethodError'{0x00000000d5596560}: 'java.lang.Object java.lang.invoke.Invokers$Holder.linkToTargetMethod(java.lang.Object, java.lang.Object, int, java.lang.Object, java.lang.Object)'> (0x00000000d5596560) 
thrown [s\src\hotspot\share\interpreter\linkResolver.cpp, line 773]
Event: 5.373 Thread 0x000002190e0f2730 Exception <a 'java/lang/NoSuchMethodError'{0x00000000d55feb70}: 'java.lang.Object java.lang.invoke.DirectMethodHandle$Holder.invokeSpecial(java.lang.Object, java.lang.Object, int, java.lang.Object, java.lang.Object)'> (0x00000000d55feb70) 
thrown [s\src\hotspot\share\interpreter\linkResolver.cpp, line 773]
Event: 5.389 Thread 0x000002190dc5c410 Exception <a 'java/lang/NoSuchMethodError'{0x00000000d56fb730}: 'void java.lang.invoke.DirectMethodHandle$Holder.invokeSpecial(java.lang.Object, java.lang.Object, java.lang.Object, java.lang.Object, java.lang.Object)'> (0x00000000d56fb730) 
thrown [s\src\hotspot\share\interpreter\linkResolver.cpp, line 773]
Event: 5.532 Thread 0x000002190dc5c410 Exception <a 'java/lang/NoSuchMethodError'{0x00000000d5ed1ca8}: 'java.lang.Object java.lang.invoke.DirectMethodHandle$Holder.invokeInterface(java.lang.Object, java.lang.Object, java.lang.Object)'> (0x00000000d5ed1ca8) 
thrown [s\src\hotspot\share\interpreter\linkResolver.cpp, line 773]
Event: 5.606 Thread 0x000002190dc5c410 Exception <a 'java/lang/NoSuchMethodError'{0x00000000d63444b0}: 'java.lang.Object java.lang.invoke.Invokers$Holder.linkToTargetMethod(java.lang.Object, long, java.lang.Object, java.lang.Object)'> (0x00000000d63444b0) 
thrown [s\src\hotspot\share\interpreter\linkResolver.cpp, line 773]
Event: 5.709 Thread 0x000002190dc5c410 Exception <a 'java/io/FileNotFoundException'{0x00000000d67d1660}> (0x00000000d67d1660) 
thrown [s\src\hotspot\share\prims\jni.cpp, line 520]
Event: 5.711 Thread 0x000002190dc5c410 Exception <a 'java/lang/NoSuchMethodError'{0x00000000d67d9f90}: 'java.lang.Object java.lang.invoke.DirectMethodHandle$Holder.newInvokeSpecial(java.lang.Object, int, java.lang.Object, java.lang.Object)'> (0x00000000d67d9f90) 
thrown [s\src\hotspot\share\interpreter\linkResolver.cpp, line 773]
Event: 6.045 Thread 0x000002190dc5c410 Exception <a 'java/lang/OutOfMemoryError'{0x00000000d57e5c20}> (0x00000000d57e5c20) 
thrown [s\src\hotspot\share\prims\jni.cpp, line 539]

ZGC Phase Switch (0 events):
No events

VM Operations (20 events):
Event: 3.275 Executing VM operation: HandshakeAllThreads (Deoptimize)
Event: 3.481 Executing VM operation: HandshakeAllThreads (Deoptimize) done
Event: 3.772 Executing VM operation: ParallelGCFailedAllocation (Allocation Failure)
Event: 3.779 Executing VM operation: ParallelGCFailedAllocation (Allocation Failure) done
Event: 4.783 Executing VM operation: Cleanup
Event: 4.783 Executing VM operation: Cleanup done
Event: 5.209 Executing VM operation: HandshakeAllThreads (Deoptimize)
Event: 5.209 Executing VM operation: HandshakeAllThreads (Deoptimize) done
Event: 5.356 Executing VM operation: ParallelGCFailedAllocation (Allocation Failure)
Event: 5.364 Executing VM operation: ParallelGCFailedAllocation (Allocation Failure) done
Event: 5.442 Executing VM operation: HandshakeAllThreads (Deoptimize)
Event: 5.442 Executing VM operation: HandshakeAllThreads (Deoptimize) done
Event: 5.483 Executing VM operation: HandshakeAllThreads (Deoptimize)
Event: 5.484 Executing VM operation: HandshakeAllThreads (Deoptimize) done
Event: 5.491 Executing VM operation: HandshakeAllThreads (Deoptimize)
Event: 5.491 Executing VM operation: HandshakeAllThreads (Deoptimize) done
Event: 5.629 Executing VM operation: ICBufferFull
Event: 5.630 Executing VM operation: ICBufferFull done
Event: 5.854 Executing VM operation: ParallelGCFailedAllocation (Allocation Failure)
Event: 5.872 Executing VM operation: ParallelGCFailedAllocation (Allocation Failure) done

Memory protections (0 events):
No events

Nmethod flushes (0 events):
No events

Events (20 events):
Event: 0.660 Thread 0x00000218ade56df0 Thread added: 0x000002190d2a9910
Event: 0.729 Thread 0x00000218c6a8b620 Thread added: 0x000002190d370fd0
Event: 1.332 Thread 0x000002190d370fd0 Thread exited: 0x000002190d370fd0
Event: 1.533 Thread 0x00000218c6a8b620 Thread added: 0x000002190d9e67a0
Event: 1.808 Thread 0x00000218ade56df0 Thread added: 0x000002190d920190
Event: 2.031 Thread 0x000002190d9e67a0 Thread exited: 0x000002190d9e67a0
Event: 2.145 Thread 0x00000218c6a8b620 Thread added: 0x000002190d89f790
Event: 2.200 Thread 0x00000218ade56df0 Thread added: 0x000002190dba8fe0
Event: 2.262 Thread 0x000002190dba8fe0 Thread added: 0x000002190d9a8f80
Event: 2.275 Thread 0x00000218ade56df0 Thread added: 0x000002190dc5c410
Event: 2.684 Thread 0x000002190dc5c410 Thread added: 0x000002190df7a680
Event: 2.908 Thread 0x000002190d89f790 Thread exited: 0x000002190d89f790
Event: 3.256 Thread 0x000002190dc5c410 Thread added: 0x000002190e2e8a80
Event: 3.754 Thread 0x00000218c6a6bd80 Thread added: 0x000002190dd5faf0
Event: 4.246 Thread 0x000002190dc5c410 Thread added: 0x000002190e0f4e90
Event: 4.741 Thread 0x000002190dd5faf0 Thread exited: 0x000002190dd5faf0
Event: 5.326 Thread 0x000002190dc5c410 Thread added: 0x000002190e0f2730
Event: 5.376 Thread 0x000002190dc5c410 Thread added: 0x000002190e0f3450
Event: 5.541 Thread 0x00000218c6a8b620 Thread added: 0x000002190dfdc1a0
Event: 6.024 Thread 0x000002190dfdc1a0 Thread exited: 0x000002190dfdc1a0


Dynamic libraries:
0x00007ff786700000 - 0x00007ff78670e000 	c:\Users\iSart\.trae\extensions\redhat.java-1.47.0-win32-x64\jre\21.0.8-win32-x86_64\bin\java.exe
0x00007ffdec4d0000 - 0x00007ffdec6c8000 	C:\Windows\SYSTEM32\ntdll.dll
0x00007ffdead40000 - 0x00007ffdeae02000 	C:\Windows\System32\KERNEL32.DLL
0x00007ffde9de0000 - 0x00007ffdea0d6000 	C:\Windows\System32\KERNELBASE.dll
0x00007ffdea170000 - 0x00007ffdea270000 	C:\Windows\System32\ucrtbase.dll
0x00007ffdb2960000 - 0x00007ffdb2978000 	c:\Users\iSart\.trae\extensions\redhat.java-1.47.0-win32-x64\jre\21.0.8-win32-x86_64\bin\jli.dll
0x00007ffdea680000 - 0x00007ffdea821000 	C:\Windows\System32\USER32.dll
0x00007ffde9c10000 - 0x00007ffde9c32000 	C:\Windows\System32\win32u.dll
0x00007ffdec090000 - 0x00007ffdec0bb000 	C:\Windows\System32\GDI32.dll
0x00007ffde9cc0000 - 0x00007ffde9dd9000 	C:\Windows\System32\gdi32full.dll
0x00007ffdea450000 - 0x00007ffdea4ed000 	C:\Windows\System32\msvcp_win.dll
0x00007ffdb2330000 - 0x00007ffdb234e000 	c:\Users\iSart\.trae\extensions\redhat.java-1.47.0-win32-x64\jre\21.0.8-win32-x86_64\bin\VCRUNTIME140.dll
0x00007ffddcb20000 - 0x00007ffddcdbb000 	C:\Windows\WinSxS\amd64_microsoft.windows.common-controls_6595b64144ccf1df_6.0.19041.6456_none_60b8a6cb71f64256\COMCTL32.dll
0x00007ffdea9e0000 - 0x00007ffdeaa7e000 	C:\Windows\System32\msvcrt.dll
0x00007ffdeb420000 - 0x00007ffdeb44f000 	C:\Windows\System32\IMM32.DLL
0x00007ffde5c40000 - 0x00007ffde5c4c000 	c:\Users\iSart\.trae\extensions\redhat.java-1.47.0-win32-x64\jre\21.0.8-win32-x86_64\bin\vcruntime140_1.dll
0x00007ffd9ed70000 - 0x00007ffd9edfd000 	c:\Users\iSart\.trae\extensions\redhat.java-1.47.0-win32-x64\jre\21.0.8-win32-x86_64\bin\msvcp140.dll
0x00007ffd511d0000 - 0x00007ffd51f67000 	c:\Users\iSart\.trae\extensions\redhat.java-1.47.0-win32-x64\jre\21.0.8-win32-x86_64\bin\server\jvm.dll
0x00007ffdeb280000 - 0x00007ffdeb331000 	C:\Windows\System32\ADVAPI32.dll
0x00007ffdebf90000 - 0x00007ffdec02f000 	C:\Windows\System32\sechost.dll
0x00007ffdebdc0000 - 0x00007ffdebee0000 	C:\Windows\System32\RPCRT4.dll
0x00007ffdea270000 - 0x00007ffdea297000 	C:\Windows\System32\bcrypt.dll
0x00007ffdebce0000 - 0x00007ffdebd4b000 	C:\Windows\System32\WS2_32.dll
0x00007ffde90a0000 - 0x00007ffde90eb000 	C:\Windows\SYSTEM32\POWRPROF.dll
0x00007ffdda600000 - 0x00007ffdda627000 	C:\Windows\SYSTEM32\WINMM.dll
0x00007ffde3970000 - 0x00007ffde397a000 	C:\Windows\SYSTEM32\VERSION.dll
0x00007ffde8f60000 - 0x00007ffde8f72000 	C:\Windows\SYSTEM32\UMPDC.dll
0x00007ffde83c0000 - 0x00007ffde83d2000 	C:\Windows\SYSTEM32\kernel.appcore.dll
0x00007ffddc8e0000 - 0x00007ffddc8ea000 	c:\Users\iSart\.trae\extensions\redhat.java-1.47.0-win32-x64\jre\21.0.8-win32-x86_64\bin\jimage.dll
0x00007ffde7ec0000 - 0x00007ffde80c1000 	C:\Windows\SYSTEM32\DBGHELP.DLL
0x00007ffdcdf50000 - 0x00007ffdcdf84000 	C:\Windows\SYSTEM32\dbgcore.DLL
0x00007ffdea0e0000 - 0x00007ffdea162000 	C:\Windows\System32\bcryptPrimitives.dll
0x00007ffdd9aa0000 - 0x00007ffdd9aaf000 	c:\Users\iSart\.trae\extensions\redhat.java-1.47.0-win32-x64\jre\21.0.8-win32-x86_64\bin\instrument.dll
0x00007ffdaca80000 - 0x00007ffdaca9f000 	c:\Users\iSart\.trae\extensions\redhat.java-1.47.0-win32-x64\jre\21.0.8-win32-x86_64\bin\java.dll
0x00007ffdeb570000 - 0x00007ffdebce0000 	C:\Windows\System32\SHELL32.dll
0x00007ffde7710000 - 0x00007ffde7eb5000 	C:\Windows\SYSTEM32\windows.storage.dll
0x00007ffdec0c0000 - 0x00007ffdec414000 	C:\Windows\System32\combase.dll
0x00007ffde9590000 - 0x00007ffde95bb000 	C:\Windows\SYSTEM32\Wldp.dll
0x00007ffdeac60000 - 0x00007ffdead2d000 	C:\Windows\System32\OLEAUT32.dll
0x00007ffdea570000 - 0x00007ffdea61d000 	C:\Windows\System32\SHCORE.dll
0x00007ffdea620000 - 0x00007ffdea67b000 	C:\Windows\System32\shlwapi.dll
0x00007ffde9a90000 - 0x00007ffde9ab4000 	C:\Windows\SYSTEM32\profapi.dll
0x00007ffdac5e0000 - 0x00007ffdac5f8000 	c:\Users\iSart\.trae\extensions\redhat.java-1.47.0-win32-x64\jre\21.0.8-win32-x86_64\bin\zip.dll
0x00007ffdc1440000 - 0x00007ffdc1450000 	C:\Users\iSart\.trae\extensions\redhat.java-1.47.0-win32-x64\jre\21.0.8-win32-x86_64\bin\net.dll
0x00007ffde2e50000 - 0x00007ffde2f5a000 	C:\Windows\SYSTEM32\WINHTTP.dll
0x00007ffde92f0000 - 0x00007ffde935a000 	C:\Windows\system32\mswsock.dll
0x00007ffdac500000 - 0x00007ffdac516000 	C:\Users\iSart\.trae\extensions\redhat.java-1.47.0-win32-x64\jre\21.0.8-win32-x86_64\bin\nio.dll
0x00007ffdba2f0000 - 0x00007ffdba300000 	c:\Users\iSart\.trae\extensions\redhat.java-1.47.0-win32-x64\jre\21.0.8-win32-x86_64\bin\verify.dll
0x00007ffda1080000 - 0x00007ffda10c4000 	C:\Users\iSart\AppData\Roaming\Trae\User\globalStorage\redhat.java\1.47.0\config_win\org.eclipse.equinox.launcher\org.eclipse.equinox.launcher.win32.win32.x86_64_1.2.1400.v20250801-0854\eclipse_11916.dll
0x00007ffdeaa80000 - 0x00007ffdeabab000 	C:\Windows\System32\ole32.dll
0x00007ffdb3510000 - 0x00007ffdb351a000 	C:\Users\iSart\.trae\extensions\redhat.java-1.47.0-win32-x64\jre\21.0.8-win32-x86_64\bin\management.dll
0x00007ffdb2950000 - 0x00007ffdb295b000 	C:\Users\iSart\.trae\extensions\redhat.java-1.47.0-win32-x64\jre\21.0.8-win32-x86_64\bin\management_ext.dll
0x00007ffdec420000 - 0x00007ffdec428000 	C:\Windows\System32\PSAPI.DLL

JVMTI agents:
c:\Users\iSart\.trae\extensions\redhat.java-1.47.0-win32-x64\lombok\lombok-1.18.39-4050.jar path:c:\Users\iSart\.trae\extensions\redhat.java-1.47.0-win32-x64\jre\21.0.8-win32-x86_64\bin\instrument.dll, loaded, initialized, instrumentlib options:none

dbghelp: loaded successfully - version: 4.0.5 - missing functions: none
symbol engine: initialized successfully - sym options: 0x614 - pdb path: .;c:\Users\iSart\.trae\extensions\redhat.java-1.47.0-win32-x64\jre\21.0.8-win32-x86_64\bin;C:\Windows\SYSTEM32;C:\Windows\WinSxS\amd64_microsoft.windows.common-controls_6595b64144ccf1df_6.0.19041.6456_none_60b8a6cb71f64256;c:\Users\iSart\.trae\extensions\redhat.java-1.47.0-win32-x64\jre\21.0.8-win32-x86_64\bin\server;C:\Users\iSart\AppData\Roaming\Trae\User\globalStorage\redhat.java\1.47.0\config_win\org.eclipse.equinox.launcher\org.eclipse.equinox.launcher.win32.win32.x86_64_1.2.1400.v20250801-0854

VM Arguments:
jvm_args: --add-modules=ALL-SYSTEM --add-opens=java.base/java.util=ALL-UNNAMED --add-opens=java.base/java.lang=ALL-UNNAMED --add-opens=java.base/sun.nio.fs=ALL-UNNAMED -Declipse.application=org.eclipse.jdt.ls.core.id1 -Dosgi.bundles.defaultStartLevel=4 -Declipse.product=org.eclipse.jdt.ls.core.product -Djava.import.generatesMetadataFilesAtProjectRoot=false -DDetectVMInstallationsJob.disabled=true -Dfile.encoding=utf8 -XX:+UseParallelGC -XX:GCTimeRatio=4 -XX:AdaptiveSizePolicyWeight=90 -Dsun.zip.disableMemoryMapping=true -Xmx2G -Xms100m -Xlog:disable -javaagent:c:\Users\iSart\.trae\extensions\redhat.java-1.47.0-win32-x64\lombok\lombok-1.18.39-4050.jar -XX:+HeapDumpOnOutOfMemoryError -XX:HeapDumpPath=c:\Users\iSart\AppData\Roaming\Trae\User\workspaceStorage\605016848a834900dc777012ce20dd0a\redhat.java -Daether.dependencyCollector.impl=bf 
java_command: c:\Users\iSart\.trae\extensions\redhat.java-1.47.0-win32-x64\server\plugins\org.eclipse.equinox.launcher_1.7.100.v20251014-1222.jar -configuration c:\Users\iSart\AppData\Roaming\Trae\User\globalStorage\redhat.java\1.47.0\config_win -data c:\Users\iSart\AppData\Roaming\Trae\User\workspaceStorage\605016848a834900dc777012ce20dd0a\redhat.java\jdt_ws --pipe=\\.\pipe\lsp-2e1161243e6b0321578134f973ffd488-sock
java_class_path (initial): c:\Users\iSart\.trae\extensions\redhat.java-1.47.0-win32-x64\server\plugins\org.eclipse.equinox.launcher_1.7.100.v20251014-1222.jar
Launcher Type: SUN_STANDARD

[Global flags]
    uintx AdaptiveSizePolicyWeight                 = 90                                        {product} {command line}
     intx CICompilerCount                          = 3                                         {product} {ergonomic}
    uintx GCTimeRatio                              = 4                                         {product} {command line}
     bool HeapDumpOnOutOfMemoryError               = true                                   {manageable} {command line}
    ccstr HeapDumpPath                             = c:\Users\iSart\AppData\Roaming\Trae\User\workspaceStorage\605016848a834900dc777012ce20dd0a\redhat.java         {manageable} {command line}
   size_t InitialHeapSize                          = 104857600                                 {product} {command line}
   size_t MaxHeapSize                              = 2147483648                                {product} {command line}
   size_t MaxNewSize                               = 715653120                                 {product} {ergonomic}
   size_t MinHeapDeltaBytes                        = 524288                                    {product} {ergonomic}
   size_t MinHeapSize                              = 104857600                                 {product} {command line}
   size_t NewSize                                  = 34603008                                  {product} {ergonomic}
    uintx NonNMethodCodeHeapSize                   = 5832780                                {pd product} {ergonomic}
    uintx NonProfiledCodeHeapSize                  = 122912730                              {pd product} {ergonomic}
   size_t OldSize                                  = 70254592                                  {product} {ergonomic}
    uintx ProfiledCodeHeapSize                     = 122912730                              {pd product} {ergonomic}
    uintx ReservedCodeCacheSize                    = 251658240                              {pd product} {ergonomic}
     bool SegmentedCodeCache                       = true                                      {product} {ergonomic}
   size_t SoftMaxHeapSize                          = 2147483648                             {manageable} {ergonomic}
     bool UseCompressedOops                        = true                           {product lp64_product} {ergonomic}
     bool UseLargePagesIndividualAllocation        = false                                  {pd product} {ergonomic}
     bool UseParallelGC                            = true                                      {product} {command line}

Logging:
Log output configuration:
 #0: stdout all=off uptime,level,tags foldmultilines=false
 #1: stderr all=off uptime,level,tags foldmultilines=false

Environment Variables:
JAVA_HOME=C:\Program Files\Java\jdk-11
PATH=C:\Users\iSart\.trae\tools\gradle\latest\bin;C:\Python313\Scripts\;C:\Python313\;C:\Program Files\Common Files\Oracle\Java\javapath;C:\Program Files (x86)\Common Files\Oracle\Java\java8path;C:\Program Files (x86)\Common Files\Oracle\Java\javapath;C:\Windows\system32;C:\Windows;C:\Windows\System32\Wbem;C:\Windows\System32\WindowsPowerShell\v1.0\;C:\Windows\System32\OpenSSH\;C:\Windows\system32\downlevel;C:\Program Files\Git\cmd;C:\maven\apache-maven-3.6.3\bin;C:\Program Files (x86)\Groovy\bin;C:\Program Files\nodejs\;C:\ProgramData\chocolatey\bin;C:\Program Files (x86)\NetSarang\Xftp 8\;C:\Program Files (x86)\NetSarang\Xshell 8\;C:\Users\iSart\.local\bin;;C:\Program Files (x86)\NVIDIA Corporation\PhysX\Common;C:\Program Files\NVIDIA Corporation\NVIDIA NvDLISR;C:\Windows\dll;;C:\Program Files\python;C:\Program Files\python\Scripts;;C:\BtSoft\panel\script;D:\cursor\resources\app\bin;C:\Users\iSart\.local\bin;C:\Users\iSart\AppData\Local\Programs\Python\Python312\Scripts\;C:\Users\iSart\AppData\Local\Programs\Python\Python312\;C:\Users\iSart\AppData\Local\Microsoft\WindowsApps;C:\Program Files\JetBrains\IntelliJ IDEA 2024.2.3\bin;;C:\Program Files\JetBrains\PyCharm Community Edition 2025.1\bin;;C:\Users\iSart\AppData\Local\Programs\Microsoft VS Code\bin;C:\Users\iSart\AppData\Roaming\npm;C:\Users\iSart\AppData\Local\Programs\cursor\resources\app\bin;d:\Trae\resources\app\bin\lib
USERNAME=iSart
OS=Windows_NT
PROCESSOR_IDENTIFIER=Intel64 Family 6 Model 158 Stepping 10, GenuineIntel
TMP=C:\Users\iSart\AppData\Local\Temp
TEMP=C:\Users\iSart\AppData\Local\Temp




Periodic native trim disabled

---------------  S Y S T E M  ---------------

OS:
 Windows 10 , 64 bit Build 19041 (10.0.19041.5915)
OS uptime: 4 days 3:05 hours

CPU: total 6 (initial active 6) (6 cores per cpu, 1 threads per core) family 6 model 158 stepping 10 microcode 0xb4, cx8, cmov, fxsr, mmx, 3dnowpref, sse, sse2, sse3, ssse3, sse4.1, sse4.2, popcnt, lzcnt, tsc, tscinvbit, avx, avx2, aes, erms, clmul, bmi1, bmi2, adx, fma, vzeroupper, clflush, clflushopt, rdtscp, f16c
Processor Information for the first 6 processors :
  Max Mhz: 2904, Current Mhz: 2904, Mhz Limit: 2904

Memory: 4k page, system-wide physical 16319M (4794M free)
TotalPageFile size 44822M (AvailPageFile size 3M)
current process WorkingSet (physical memory assigned to process): 132M, peak: 132M
current process commit charge ("private bytes"): 263M, peak: 263M

vm_info: OpenJDK 64-Bit Server VM (21.0.8+9-LTS) for windows-amd64 JRE (21.0.8+9-LTS), built on 2025-07-15T00:00:00Z by "admin" with MS VC++ 17.7 (VS2022)

END.
